{"/home/travis/build/npmtest/node-npmtest-neocrawler/test.js":{"path":"/home/travis/build/npmtest/node-npmtest-neocrawler/test.js","s":{"1":2,"2":2,"3":2,"4":2,"5":2,"6":2,"7":2,"8":1,"9":2,"10":2,"11":1,"12":1,"13":1,"14":1,"15":2,"16":2,"17":2,"18":2,"19":1,"20":1,"21":2,"22":2,"23":2,"24":1,"25":1,"26":1,"27":1,"28":1,"29":1,"30":1,"31":1,"32":1,"33":1,"34":1,"35":1,"36":1,"37":1,"38":1,"39":2,"40":2,"41":1,"42":2,"43":2,"44":1,"45":2,"46":2,"47":1,"48":2,"49":2,"50":1,"51":1,"52":1,"53":1,"54":1},"b":{"1":[2,1,1,1],"2":[1,1,1,1],"3":[1,1],"4":[1,1],"5":[1,1],"6":[1,1],"7":[1,1],"8":[1,1],"9":[1,1],"10":[1,1,1],"11":[1,1],"12":[1,1],"13":[1,1],"14":[1,1],"15":[1,1],"16":[1,1],"17":[1,1]},"f":{"1":2,"2":2,"3":2,"4":2,"5":2,"6":1,"7":1,"8":1,"9":2,"10":2,"11":2,"12":2,"13":1},"fnMap":{"1":{"name":"(anonymous_1)","line":12,"loc":{"start":{"line":12,"column":1},"end":{"line":12,"column":13}}},"2":{"name":"(anonymous_2)","line":19,"loc":{"start":{"line":19,"column":5},"end":{"line":19,"column":17}}},"3":{"name":"(anonymous_3)","line":23,"loc":{"start":{"line":23,"column":24},"end":{"line":23,"column":36}}},"4":{"name":"(anonymous_4)","line":61,"loc":{"start":{"line":61,"column":5},"end":{"line":61,"column":17}}},"5":{"name":"(anonymous_5)","line":82,"loc":{"start":{"line":82,"column":5},"end":{"line":82,"column":17}}},"6":{"name":"(anonymous_6)","line":91,"loc":{"start":{"line":91,"column":77},"end":{"line":94,"column":10}}},"7":{"name":"(anonymous_7)","line":112,"loc":{"start":{"line":112,"column":83},"end":{"line":115,"column":10}},"skip":true},"8":{"name":"(anonymous_8)","line":123,"loc":{"start":{"line":123,"column":77},"end":{"line":126,"column":10}},"skip":true},"9":{"name":"(anonymous_9)","line":139,"loc":{"start":{"line":139,"column":12},"end":{"line":139,"column":40}},"skip":true},"10":{"name":"(anonymous_10)","line":147,"loc":{"start":{"line":147,"column":77},"end":{"line":150,"column":10}},"skip":true},"11":{"name":"(anonymous_11)","line":158,"loc":{"start":{"line":158,"column":83},"end":{"line":161,"column":10}},"skip":true},"12":{"name":"(anonymous_12)","line":169,"loc":{"start":{"line":169,"column":79},"end":{"line":172,"column":10}},"skip":true},"13":{"name":"(anonymous_13)","line":180,"loc":{"start":{"line":180,"column":75},"end":{"line":183,"column":10}},"skip":true}},"statementMap":{"1":{"start":{"line":12,"column":0},"end":{"line":195,"column":5}},"2":{"start":{"line":14,"column":4},"end":{"line":14,"column":14}},"3":{"start":{"line":19,"column":4},"end":{"line":56,"column":9}},"4":{"start":{"line":21,"column":8},"end":{"line":21,"column":19}},"5":{"start":{"line":23,"column":8},"end":{"line":35,"column":13}},"6":{"start":{"line":24,"column":12},"end":{"line":34,"column":13}},"7":{"start":{"line":25,"column":16},"end":{"line":28,"column":30}},"8":{"start":{"line":30,"column":16},"end":{"line":33,"column":27}},"9":{"start":{"line":37,"column":8},"end":{"line":39,"column":21}},"10":{"start":{"line":40,"column":8},"end":{"line":53,"column":9}},"11":{"start":{"line":43,"column":12},"end":{"line":46,"column":14}},"12":{"start":{"line":47,"column":12},"end":{"line":47,"column":18}},"13":{"start":{"line":50,"column":12},"end":{"line":51,"column":46}},"14":{"start":{"line":52,"column":12},"end":{"line":52,"column":18}},"15":{"start":{"line":55,"column":8},"end":{"line":55,"column":35}},"16":{"start":{"line":61,"column":4},"end":{"line":63,"column":9}},"17":{"start":{"line":62,"column":8},"end":{"line":62,"column":15}},"18":{"start":{"line":64,"column":4},"end":{"line":77,"column":5}},"19":{"start":{"line":70,"column":8},"end":{"line":70,"column":14}},"20":{"start":{"line":76,"column":8},"end":{"line":76,"column":14}},"21":{"start":{"line":82,"column":4},"end":{"line":84,"column":9}},"22":{"start":{"line":83,"column":8},"end":{"line":83,"column":15}},"23":{"start":{"line":85,"column":4},"end":{"line":194,"column":5}},"24":{"start":{"line":91,"column":8},"end":{"line":99,"column":10}},"25":{"start":{"line":98,"column":12},"end":{"line":98,"column":35}},"26":{"start":{"line":102,"column":8},"end":{"line":104,"column":63}},"27":{"start":{"line":105,"column":8},"end":{"line":105,"column":14}},"28":{"start":{"line":112,"column":8},"end":{"line":121,"column":10},"skip":true},"29":{"start":{"line":119,"column":12},"end":{"line":119,"column":55},"skip":true},"30":{"start":{"line":120,"column":12},"end":{"line":120,"column":48},"skip":true},"31":{"start":{"line":123,"column":8},"end":{"line":136,"column":10},"skip":true},"32":{"start":{"line":130,"column":12},"end":{"line":130,"column":76},"skip":true},"33":{"start":{"line":131,"column":12},"end":{"line":131,"column":73},"skip":true},"34":{"start":{"line":132,"column":12},"end":{"line":132,"column":74},"skip":true},"35":{"start":{"line":133,"column":12},"end":{"line":133,"column":79},"skip":true},"36":{"start":{"line":134,"column":12},"end":{"line":134,"column":25},"skip":true},"37":{"start":{"line":135,"column":12},"end":{"line":135,"column":45},"skip":true},"38":{"start":{"line":138,"column":8},"end":{"line":145,"column":14},"skip":true},"39":{"start":{"line":143,"column":16},"end":{"line":143,"column":29},"skip":true},"40":{"start":{"line":144,"column":16},"end":{"line":144,"column":55},"skip":true},"41":{"start":{"line":147,"column":8},"end":{"line":156,"column":10},"skip":true},"42":{"start":{"line":154,"column":12},"end":{"line":154,"column":25},"skip":true},"43":{"start":{"line":155,"column":12},"end":{"line":155,"column":45},"skip":true},"44":{"start":{"line":158,"column":8},"end":{"line":167,"column":10},"skip":true},"45":{"start":{"line":165,"column":12},"end":{"line":165,"column":25},"skip":true},"46":{"start":{"line":166,"column":12},"end":{"line":166,"column":48},"skip":true},"47":{"start":{"line":169,"column":8},"end":{"line":178,"column":10},"skip":true},"48":{"start":{"line":176,"column":12},"end":{"line":176,"column":25},"skip":true},"49":{"start":{"line":177,"column":12},"end":{"line":177,"column":46},"skip":true},"50":{"start":{"line":180,"column":8},"end":{"line":189,"column":10},"skip":true},"51":{"start":{"line":187,"column":12},"end":{"line":187,"column":94},"skip":true},"52":{"start":{"line":188,"column":12},"end":{"line":188,"column":48},"skip":true},"53":{"start":{"line":192,"column":8},"end":{"line":192,"column":35},"skip":true},"54":{"start":{"line":193,"column":8},"end":{"line":193,"column":14},"skip":true}},"branchMap":{"1":{"line":25,"type":"binary-expr","locations":[{"start":{"line":25,"column":23},"end":{"line":25,"column":62}},{"start":{"line":26,"column":20},"end":{"line":26,"column":70}},{"start":{"line":27,"column":20},"end":{"line":27,"column":71}},{"start":{"line":28,"column":20},"end":{"line":28,"column":29}}]},"2":{"line":30,"type":"binary-expr","locations":[{"start":{"line":30,"column":23},"end":{"line":30,"column":37}},{"start":{"line":31,"column":20},"end":{"line":31,"column":61}},{"start":{"line":32,"column":20},"end":{"line":32,"column":70}},{"start":{"line":33,"column":20},"end":{"line":33,"column":26}}]},"3":{"line":37,"type":"cond-expr","locations":[{"start":{"line":38,"column":14},"end":{"line":38,"column":20}},{"start":{"line":39,"column":14},"end":{"line":39,"column":20}}]},"4":{"line":40,"type":"switch","locations":[{"start":{"line":42,"column":8},"end":{"line":47,"column":18}},{"start":{"line":49,"column":8},"end":{"line":52,"column":18}}]},"5":{"line":44,"type":"binary-expr","locations":[{"start":{"line":44,"column":16},"end":{"line":44,"column":44}},{"start":{"line":44,"column":48},"end":{"line":44,"column":66}}]},"6":{"line":50,"type":"binary-expr","locations":[{"start":{"line":50,"column":21},"end":{"line":50,"column":49}},{"start":{"line":50,"column":53},"end":{"line":50,"column":72}}]},"7":{"line":64,"type":"switch","locations":[{"start":{"line":69,"column":4},"end":{"line":70,"column":14}},{"start":{"line":75,"column":4},"end":{"line":76,"column":14}}]},"8":{"line":85,"type":"switch","locations":[{"start":{"line":90,"column":4},"end":{"line":105,"column":14}},{"start":{"line":111,"column":4},"end":{"line":193,"column":14},"skip":true}]},"9":{"line":91,"type":"binary-expr","locations":[{"start":{"line":91,"column":42},"end":{"line":91,"column":73}},{"start":{"line":91,"column":77},"end":{"line":99,"column":9}}]},"10":{"line":102,"type":"binary-expr","locations":[{"start":{"line":102,"column":18},"end":{"line":102,"column":32}},{"start":{"line":103,"column":12},"end":{"line":103,"column":53}},{"start":{"line":104,"column":12},"end":{"line":104,"column":61}}]},"11":{"line":112,"type":"binary-expr","locations":[{"start":{"line":112,"column":45},"end":{"line":112,"column":79},"skip":true},{"start":{"line":112,"column":83},"end":{"line":121,"column":9},"skip":true}]},"12":{"line":123,"type":"binary-expr","locations":[{"start":{"line":123,"column":42},"end":{"line":123,"column":73},"skip":true},{"start":{"line":123,"column":77},"end":{"line":136,"column":9},"skip":true}]},"13":{"line":138,"type":"binary-expr","locations":[{"start":{"line":138,"column":48},"end":{"line":138,"column":85},"skip":true},{"start":{"line":139,"column":12},"end":{"line":145,"column":13},"skip":true}]},"14":{"line":147,"type":"binary-expr","locations":[{"start":{"line":147,"column":42},"end":{"line":147,"column":73},"skip":true},{"start":{"line":147,"column":77},"end":{"line":156,"column":9},"skip":true}]},"15":{"line":158,"type":"binary-expr","locations":[{"start":{"line":158,"column":45},"end":{"line":158,"column":79},"skip":true},{"start":{"line":158,"column":83},"end":{"line":167,"column":9},"skip":true}]},"16":{"line":169,"type":"binary-expr","locations":[{"start":{"line":169,"column":43},"end":{"line":169,"column":75},"skip":true},{"start":{"line":169,"column":79},"end":{"line":178,"column":9},"skip":true}]},"17":{"line":180,"type":"binary-expr","locations":[{"start":{"line":180,"column":41},"end":{"line":180,"column":71},"skip":true},{"start":{"line":180,"column":75},"end":{"line":189,"column":9},"skip":true}]}},"code":["/* istanbul instrument in package npmtest_neocrawler */","/*jslint","    bitwise: true,","    browser: true,","    maxerr: 8,","    maxlen: 96,","    node: true,","    nomen: true,","    regexp: true,","    stupid: true","*/","(function () {","    'use strict';","    var local;","","","","    // run shared js-env code - pre-init","    (function () {","        // init local","        local = {};","        // init modeJs","        local.modeJs = (function () {","            try {","                return typeof navigator.userAgent === 'string' &&","                    typeof document.querySelector('body') === 'object' &&","                    typeof XMLHttpRequest.prototype.open === 'function' &&","                    'browser';","            } catch (errorCaughtBrowser) {","                return module.exports &&","                    typeof process.versions.node === 'string' &&","                    typeof require('http').createServer === 'function' &&","                    'node';","            }","        }());","        // init global","        local.global = local.modeJs === 'browser'","            ? window","            : global;","        switch (local.modeJs) {","        // re-init local from window.local","        case 'browser':","            local = local.global.utility2.objectSetDefault(","                local.global.utility2_rollup || local.global.local,","                local.global.utility2","            );","            break;","        // re-init local from example.js","        case 'node':","            local = (local.global.utility2_rollup || require('utility2'))","                .requireExampleJsFromReadme();","            break;","        }","        // export local","        local.global.local = local;","    }());","","","","    // run shared js-env code - function","    (function () {","        return;","    }());","    switch (local.modeJs) {","","","","    // run browser js-env code - function","    case 'browser':","        break;","","","","    // run node js-env code - function","    case 'node':","        break;","    }","","","","    // run shared js-env code - post-init","    (function () {","        return;","    }());","    switch (local.modeJs) {","","","","    // run browser js-env code - post-init","    case 'browser':","        local.testCase_browser_nullCase = local.testCase_browser_nullCase || function (","            options,","            onError","        ) {","        /*","         * this function will test browsers's null-case handling-behavior-behavior","         */","            onError(null, options);","        };","","        // run tests","        local.nop(local.modeTest &&","            document.querySelector('#testRunButton1') &&","            document.querySelector('#testRunButton1').click());","        break;","","","","    // run node js-env code - post-init","    /* istanbul ignore next */","    case 'node':","        local.testCase_buildApidoc_default = local.testCase_buildApidoc_default || function (","            options,","            onError","        ) {","        /*","         * this function will test buildApidoc's default handling-behavior-behavior","         */","            options = { modulePathList: module.paths };","            local.buildApidoc(options, onError);","        };","","        local.testCase_buildApp_default = local.testCase_buildApp_default || function (","            options,","            onError","        ) {","        /*","         * this function will test buildApp's default handling-behavior-behavior","         */","            local.testCase_buildReadme_default(options, local.onErrorThrow);","            local.testCase_buildLib_default(options, local.onErrorThrow);","            local.testCase_buildTest_default(options, local.onErrorThrow);","            local.testCase_buildCustomOrg_default(options, local.onErrorThrow);","            options = [];","            local.buildApp(options, onError);","        };","","        local.testCase_buildCustomOrg_default = local.testCase_buildCustomOrg_default ||","            function (options, onError) {","            /*","             * this function will test buildCustomOrg's default handling-behavior","             */","                options = {};","                local.buildCustomOrg(options, onError);","            };","","        local.testCase_buildLib_default = local.testCase_buildLib_default || function (","            options,","            onError","        ) {","        /*","         * this function will test buildLib's default handling-behavior","         */","            options = {};","            local.buildLib(options, onError);","        };","","        local.testCase_buildReadme_default = local.testCase_buildReadme_default || function (","            options,","            onError","        ) {","        /*","         * this function will test buildReadme's default handling-behavior-behavior","         */","            options = {};","            local.buildReadme(options, onError);","        };","","        local.testCase_buildTest_default = local.testCase_buildTest_default || function (","            options,","            onError","        ) {","        /*","         * this function will test buildTest's default handling-behavior","         */","            options = {};","            local.buildTest(options, onError);","        };","","        local.testCase_webpage_default = local.testCase_webpage_default || function (","            options,","            onError","        ) {","        /*","         * this function will test webpage's default handling-behavior","         */","            options = { modeCoverageMerge: true, url: local.serverLocalHost + '?modeTest=1' };","            local.browserTest(options, onError);","        };","","        // run test-server","        local.testRunServer(local);","        break;","    }","}());",""],"l":{"12":2,"14":2,"19":2,"21":2,"23":2,"24":2,"25":2,"30":1,"37":2,"40":2,"43":1,"47":1,"50":1,"52":1,"55":2,"61":2,"62":2,"64":2,"70":1,"76":1,"82":2,"83":2,"85":2,"91":1,"98":1,"102":1,"105":1,"112":1,"119":1,"120":1,"123":1,"130":1,"131":1,"132":1,"133":1,"134":1,"135":1,"138":1,"143":2,"144":2,"147":1,"154":2,"155":2,"158":1,"165":2,"166":2,"169":1,"176":2,"177":2,"180":1,"187":1,"188":1,"192":1,"193":1}},"/home/travis/build/npmtest/node-npmtest-neocrawler/lib.npmtest_neocrawler.js":{"path":"/home/travis/build/npmtest/node-npmtest-neocrawler/lib.npmtest_neocrawler.js","s":{"1":2,"2":2,"3":2,"4":2,"5":2,"6":2,"7":2,"8":1,"9":2,"10":2,"11":2,"12":2,"13":1,"14":1,"15":1,"16":1},"b":{"1":[2,1,1,1],"2":[1,1,1,1],"3":[1,1],"4":[2,2],"5":[1,1]},"f":{"1":2,"2":2,"3":2},"fnMap":{"1":{"name":"(anonymous_1)","line":12,"loc":{"start":{"line":12,"column":1},"end":{"line":12,"column":13}}},"2":{"name":"(anonymous_2)","line":19,"loc":{"start":{"line":19,"column":5},"end":{"line":19,"column":17}}},"3":{"name":"(anonymous_3)","line":23,"loc":{"start":{"line":23,"column":24},"end":{"line":23,"column":36}}}},"statementMap":{"1":{"start":{"line":12,"column":0},"end":{"line":53,"column":5}},"2":{"start":{"line":14,"column":4},"end":{"line":14,"column":14}},"3":{"start":{"line":19,"column":4},"end":{"line":52,"column":9}},"4":{"start":{"line":21,"column":8},"end":{"line":21,"column":19}},"5":{"start":{"line":23,"column":8},"end":{"line":35,"column":13}},"6":{"start":{"line":24,"column":12},"end":{"line":34,"column":13}},"7":{"start":{"line":25,"column":16},"end":{"line":28,"column":30}},"8":{"start":{"line":30,"column":16},"end":{"line":33,"column":27}},"9":{"start":{"line":37,"column":8},"end":{"line":39,"column":21}},"10":{"start":{"line":41,"column":8},"end":{"line":41,"column":54}},"11":{"start":{"line":43,"column":8},"end":{"line":43,"column":55}},"12":{"start":{"line":45,"column":8},"end":{"line":51,"column":9}},"13":{"start":{"line":46,"column":12},"end":{"line":46,"column":61}},"14":{"start":{"line":48,"column":12},"end":{"line":48,"column":35}},"15":{"start":{"line":49,"column":12},"end":{"line":49,"column":49}},"16":{"start":{"line":50,"column":12},"end":{"line":50,"column":43}}},"branchMap":{"1":{"line":25,"type":"binary-expr","locations":[{"start":{"line":25,"column":23},"end":{"line":25,"column":62}},{"start":{"line":26,"column":20},"end":{"line":26,"column":70}},{"start":{"line":27,"column":20},"end":{"line":27,"column":71}},{"start":{"line":28,"column":20},"end":{"line":28,"column":29}}]},"2":{"line":30,"type":"binary-expr","locations":[{"start":{"line":30,"column":23},"end":{"line":30,"column":37}},{"start":{"line":31,"column":20},"end":{"line":31,"column":61}},{"start":{"line":32,"column":20},"end":{"line":32,"column":70}},{"start":{"line":33,"column":20},"end":{"line":33,"column":26}}]},"3":{"line":37,"type":"cond-expr","locations":[{"start":{"line":38,"column":14},"end":{"line":38,"column":20}},{"start":{"line":39,"column":14},"end":{"line":39,"column":20}}]},"4":{"line":41,"type":"binary-expr","locations":[{"start":{"line":41,"column":16},"end":{"line":41,"column":44}},{"start":{"line":41,"column":48},"end":{"line":41,"column":53}}]},"5":{"line":45,"type":"if","locations":[{"start":{"line":45,"column":8},"end":{"line":45,"column":8}},{"start":{"line":45,"column":8},"end":{"line":45,"column":8}}]}},"code":["/* istanbul instrument in package npmtest_neocrawler */","/*jslint","    bitwise: true,","    browser: true,","    maxerr: 8,","    maxlen: 96,","    node: true,","    nomen: true,","    regexp: true,","    stupid: true","*/","(function () {","    'use strict';","    var local;","","","","    // run shared js-env code - pre-init","    (function () {","        // init local","        local = {};","        // init modeJs","        local.modeJs = (function () {","            try {","                return typeof navigator.userAgent === 'string' &&","                    typeof document.querySelector('body') === 'object' &&","                    typeof XMLHttpRequest.prototype.open === 'function' &&","                    'browser';","            } catch (errorCaughtBrowser) {","                return module.exports &&","                    typeof process.versions.node === 'string' &&","                    typeof require('http').createServer === 'function' &&","                    'node';","            }","        }());","        // init global","        local.global = local.modeJs === 'browser'","            ? window","            : global;","        // init utility2_rollup","        local = local.global.utility2_rollup || local;","        // init lib","        local.local = local.npmtest_neocrawler = local;","        // init exports","        if (local.modeJs === 'browser') {","            local.global.utility2_npmtest_neocrawler = local;","        } else {","            module.exports = local;","            module.exports.__dirname = __dirname;","            module.exports.module = module;","        }","    }());","}());",""],"l":{"12":2,"14":2,"19":2,"21":2,"23":2,"24":2,"25":2,"30":1,"37":2,"41":2,"43":2,"45":2,"46":1,"48":1,"49":1,"50":1}},"/home/travis/build/npmtest/node-npmtest-neocrawler/example.js":{"path":"/home/travis/build/npmtest/node-npmtest-neocrawler/example.js","s":{"1":2,"2":2,"3":2,"4":2,"5":2,"6":2,"7":2,"8":1,"9":2,"10":2,"11":2,"12":2,"13":1,"14":2,"15":2,"16":2,"17":2,"18":2,"19":0,"20":2,"21":1,"22":1,"23":1,"24":1,"25":1,"26":0,"27":0,"28":1,"29":1,"30":2,"31":0,"32":0,"33":0,"34":1,"35":2,"36":2,"37":3,"38":3,"39":3,"40":3,"41":0,"42":3,"43":3,"44":3,"45":1,"46":3,"47":1,"48":1,"49":1,"50":1,"51":1,"52":1,"53":1,"54":1,"55":1,"56":1,"57":0,"58":1,"59":6,"60":6,"61":1,"62":2,"63":0,"64":2,"65":1,"66":1,"67":0,"68":0,"69":0,"70":0,"71":0,"72":0,"73":0,"74":0,"75":0,"76":0,"77":0,"78":0,"79":0,"80":0,"81":0,"82":0,"83":0},"b":{"1":[2,1,1,1],"2":[1,1,1,1],"3":[1,1],"4":[2,2],"5":[1,1],"6":[1,1],"7":[2,0],"8":[2,1,1,1,1,1],"9":[0,2,0],"10":[1,1],"11":[2,1,1],"12":[1,0],"13":[0,2],"14":[2,0,0,0,0,0,0],"15":[0,3],"16":[3,0],"17":[1,1],"18":[0,1],"19":[1,2,0,2],"20":[1,0],"21":[1,1],"22":[0,0],"23":[0,0],"24":[0,0],"25":[0,0],"26":[0,0],"27":[0,0],"28":[0,0]},"f":{"1":2,"2":2,"3":2,"4":2,"5":2,"6":2,"7":3,"8":3,"9":3,"10":1,"11":6,"12":0},"fnMap":{"1":{"name":"(anonymous_1)","line":26,"loc":{"start":{"line":26,"column":1},"end":{"line":26,"column":13}}},"2":{"name":"(anonymous_2)","line":33,"loc":{"start":{"line":33,"column":5},"end":{"line":33,"column":17}}},"3":{"name":"(anonymous_3)","line":37,"loc":{"start":{"line":37,"column":24},"end":{"line":37,"column":36}}},"4":{"name":"(anonymous_4)","line":69,"loc":{"start":{"line":69,"column":31},"end":{"line":69,"column":48}},"skip":true},"5":{"name":"(anonymous_5)","line":78,"loc":{"start":{"line":78,"column":26},"end":{"line":78,"column":45}},"skip":true},"6":{"name":"(anonymous_6)","line":123,"loc":{"start":{"line":123,"column":33},"end":{"line":123,"column":48}},"skip":true},"7":{"name":"(anonymous_7)","line":125,"loc":{"start":{"line":125,"column":27},"end":{"line":125,"column":39}},"skip":true},"8":{"name":"(anonymous_8)","line":133,"loc":{"start":{"line":133,"column":59},"end":{"line":133,"column":74}},"skip":true},"9":{"name":"(anonymous_9)","line":143,"loc":{"start":{"line":143,"column":45},"end":{"line":143,"column":62}},"skip":true},"10":{"name":"(anonymous_10)","line":144,"loc":{"start":{"line":144,"column":73},"end":{"line":144,"column":92}},"skip":true},"11":{"name":"(anonymous_11)","line":272,"loc":{"start":{"line":272,"column":51},"end":{"line":272,"column":77}},"skip":true},"12":{"name":"(anonymous_12)","line":315,"loc":{"start":{"line":315,"column":32},"end":{"line":315,"column":61}},"skip":true}},"statementMap":{"1":{"start":{"line":26,"column":0},"end":{"line":326,"column":5}},"2":{"start":{"line":28,"column":4},"end":{"line":28,"column":14}},"3":{"start":{"line":33,"column":4},"end":{"line":60,"column":9}},"4":{"start":{"line":35,"column":8},"end":{"line":35,"column":19}},"5":{"start":{"line":37,"column":8},"end":{"line":49,"column":13}},"6":{"start":{"line":38,"column":12},"end":{"line":48,"column":13}},"7":{"start":{"line":39,"column":16},"end":{"line":42,"column":30}},"8":{"start":{"line":44,"column":16},"end":{"line":47,"column":27}},"9":{"start":{"line":51,"column":8},"end":{"line":53,"column":21}},"10":{"start":{"line":55,"column":8},"end":{"line":57,"column":45}},"11":{"start":{"line":59,"column":8},"end":{"line":59,"column":35}},"12":{"start":{"line":61,"column":4},"end":{"line":325,"column":5}},"13":{"start":{"line":69,"column":8},"end":{"line":121,"column":10},"skip":true},"14":{"start":{"line":70,"column":12},"end":{"line":88,"column":13},"skip":true},"15":{"start":{"line":76,"column":16},"end":{"line":87,"column":19},"skip":true},"16":{"start":{"line":79,"column":20},"end":{"line":86,"column":21},"skip":true},"17":{"start":{"line":82,"column":24},"end":{"line":82,"column":43},"skip":true},"18":{"start":{"line":83,"column":24},"end":{"line":83,"column":30},"skip":true},"19":{"start":{"line":85,"column":24},"end":{"line":85,"column":49},"skip":true},"20":{"start":{"line":89,"column":12},"end":{"line":107,"column":13},"skip":true},"21":{"start":{"line":92,"column":16},"end":{"line":102,"column":17},"skip":true},"22":{"start":{"line":93,"column":20},"end":{"line":93,"column":86},"skip":true},"23":{"start":{"line":94,"column":20},"end":{"line":95,"column":45},"skip":true},"24":{"start":{"line":96,"column":20},"end":{"line":96,"column":42},"skip":true},"25":{"start":{"line":97,"column":20},"end":{"line":97,"column":48},"skip":true},"26":{"start":{"line":100,"column":20},"end":{"line":100,"column":85},"skip":true},"27":{"start":{"line":101,"column":20},"end":{"line":101,"column":96},"skip":true},"28":{"start":{"line":103,"column":16},"end":{"line":103,"column":22},"skip":true},"29":{"start":{"line":106,"column":16},"end":{"line":106,"column":22},"skip":true},"30":{"start":{"line":108,"column":12},"end":{"line":120,"column":13},"skip":true},"31":{"start":{"line":114,"column":16},"end":{"line":119,"column":17},"skip":true},"32":{"start":{"line":116,"column":20},"end":{"line":116,"column":78},"skip":true},"33":{"start":{"line":118,"column":20},"end":{"line":118,"column":47},"skip":true},"34":{"start":{"line":123,"column":8},"end":{"line":141,"column":11},"skip":true},"35":{"start":{"line":124,"column":12},"end":{"line":124,"column":54},"skip":true},"36":{"start":{"line":125,"column":12},"end":{"line":140,"column":14},"skip":true},"37":{"start":{"line":126,"column":16},"end":{"line":126,"column":28},"skip":true},"38":{"start":{"line":127,"column":16},"end":{"line":127,"column":69},"skip":true},"39":{"start":{"line":128,"column":16},"end":{"line":128,"column":75},"skip":true},"40":{"start":{"line":129,"column":16},"end":{"line":131,"column":17},"skip":true},"41":{"start":{"line":130,"column":20},"end":{"line":130,"column":27},"skip":true},"42":{"start":{"line":133,"column":16},"end":{"line":137,"column":36},"skip":true},"43":{"start":{"line":134,"column":20},"end":{"line":136,"column":55},"skip":true},"44":{"start":{"line":139,"column":16},"end":{"line":139,"column":57},"skip":true},"45":{"start":{"line":143,"column":8},"end":{"line":147,"column":11},"skip":true},"46":{"start":{"line":144,"column":12},"end":{"line":146,"column":15},"skip":true},"47":{"start":{"line":145,"column":16},"end":{"line":145,"column":70},"skip":true},"48":{"start":{"line":149,"column":8},"end":{"line":149,"column":31},"skip":true},"49":{"start":{"line":150,"column":8},"end":{"line":150,"column":14},"skip":true},"50":{"start":{"line":158,"column":8},"end":{"line":158,"column":31},"skip":true},"51":{"start":{"line":160,"column":8},"end":{"line":160,"column":33},"skip":true},"52":{"start":{"line":161,"column":8},"end":{"line":161,"column":37},"skip":true},"53":{"start":{"line":162,"column":8},"end":{"line":162,"column":35},"skip":true},"54":{"start":{"line":164,"column":8},"end":{"line":164,"column":50},"skip":true},"55":{"start":{"line":166,"column":8},"end":{"line":256,"column":2},"skip":true},"56":{"start":{"line":258,"column":8},"end":{"line":286,"column":9},"skip":true},"57":{"start":{"line":259,"column":12},"end":{"line":269,"column":14},"skip":true},"58":{"start":{"line":271,"column":12},"end":{"line":285,"column":19},"skip":true},"59":{"start":{"line":274,"column":20},"end":{"line":274,"column":35},"skip":true},"60":{"start":{"line":275,"column":20},"end":{"line":284,"column":21},"skip":true},"61":{"start":{"line":277,"column":24},"end":{"line":277,"column":64},"skip":true},"62":{"start":{"line":279,"column":24},"end":{"line":279,"column":40},"skip":true},"63":{"start":{"line":281,"column":24},"end":{"line":281,"column":40},"skip":true},"64":{"start":{"line":283,"column":24},"end":{"line":283,"column":39},"skip":true},"65":{"start":{"line":288,"column":8},"end":{"line":290,"column":9},"skip":true},"66":{"start":{"line":289,"column":12},"end":{"line":289,"column":18},"skip":true},"67":{"start":{"line":291,"column":8},"end":{"line":293,"column":54},"skip":true},"68":{"start":{"line":296,"column":8},"end":{"line":301,"column":37},"skip":true},"69":{"start":{"line":303,"column":8},"end":{"line":303,"column":82},"skip":true},"70":{"start":{"line":306,"column":8},"end":{"line":308,"column":9},"skip":true},"71":{"start":{"line":307,"column":12},"end":{"line":307,"column":82},"skip":true},"72":{"start":{"line":310,"column":8},"end":{"line":312,"column":9},"skip":true},"73":{"start":{"line":311,"column":12},"end":{"line":311,"column":18},"skip":true},"74":{"start":{"line":313,"column":8},"end":{"line":313,"column":54},"skip":true},"75":{"start":{"line":314,"column":8},"end":{"line":314,"column":69},"skip":true},"76":{"start":{"line":315,"column":8},"end":{"line":323,"column":36},"skip":true},"77":{"start":{"line":316,"column":12},"end":{"line":316,"column":61},"skip":true},"78":{"start":{"line":317,"column":12},"end":{"line":320,"column":13},"skip":true},"79":{"start":{"line":318,"column":16},"end":{"line":318,"column":75},"skip":true},"80":{"start":{"line":319,"column":16},"end":{"line":319,"column":23},"skip":true},"81":{"start":{"line":321,"column":12},"end":{"line":321,"column":38},"skip":true},"82":{"start":{"line":322,"column":12},"end":{"line":322,"column":27},"skip":true},"83":{"start":{"line":324,"column":8},"end":{"line":324,"column":14},"skip":true}},"branchMap":{"1":{"line":39,"type":"binary-expr","locations":[{"start":{"line":39,"column":23},"end":{"line":39,"column":62}},{"start":{"line":40,"column":20},"end":{"line":40,"column":70}},{"start":{"line":41,"column":20},"end":{"line":41,"column":71}},{"start":{"line":42,"column":20},"end":{"line":42,"column":29}}]},"2":{"line":44,"type":"binary-expr","locations":[{"start":{"line":44,"column":23},"end":{"line":44,"column":37}},{"start":{"line":45,"column":20},"end":{"line":45,"column":61}},{"start":{"line":46,"column":20},"end":{"line":46,"column":70}},{"start":{"line":47,"column":20},"end":{"line":47,"column":26}}]},"3":{"line":51,"type":"cond-expr","locations":[{"start":{"line":52,"column":14},"end":{"line":52,"column":20}},{"start":{"line":53,"column":14},"end":{"line":53,"column":20}}]},"4":{"line":55,"type":"binary-expr","locations":[{"start":{"line":55,"column":16},"end":{"line":55,"column":44}},{"start":{"line":55,"column":49},"end":{"line":57,"column":43}}]},"5":{"line":55,"type":"cond-expr","locations":[{"start":{"line":56,"column":14},"end":{"line":56,"column":54}},{"start":{"line":57,"column":14},"end":{"line":57,"column":43}}]},"6":{"line":61,"type":"switch","locations":[{"start":{"line":68,"column":4},"end":{"line":150,"column":14},"skip":true},{"start":{"line":156,"column":4},"end":{"line":324,"column":14},"skip":true}]},"7":{"line":70,"type":"if","locations":[{"start":{"line":70,"column":12},"end":{"line":70,"column":12},"skip":true},{"start":{"line":70,"column":12},"end":{"line":70,"column":12},"skip":true}]},"8":{"line":70,"type":"binary-expr","locations":[{"start":{"line":70,"column":16},"end":{"line":70,"column":22},"skip":true},{"start":{"line":70,"column":27},"end":{"line":70,"column":32},"skip":true},{"start":{"line":71,"column":20},"end":{"line":71,"column":39},"skip":true},{"start":{"line":72,"column":20},"end":{"line":72,"column":49},"skip":true},{"start":{"line":73,"column":20},"end":{"line":73,"column":58},"skip":true},{"start":{"line":74,"column":20},"end":{"line":74,"column":69},"skip":true}]},"9":{"line":79,"type":"switch","locations":[{"start":{"line":80,"column":20},"end":{"line":80,"column":33},"skip":true},{"start":{"line":81,"column":20},"end":{"line":83,"column":30},"skip":true},{"start":{"line":84,"column":20},"end":{"line":85,"column":49},"skip":true}]},"10":{"line":89,"type":"switch","locations":[{"start":{"line":90,"column":12},"end":{"line":103,"column":22},"skip":true},{"start":{"line":105,"column":12},"end":{"line":106,"column":22},"skip":true}]},"11":{"line":89,"type":"binary-expr","locations":[{"start":{"line":89,"column":20},"end":{"line":89,"column":25},"skip":true},{"start":{"line":89,"column":29},"end":{"line":89,"column":48},"skip":true},{"start":{"line":89,"column":52},"end":{"line":89,"column":74},"skip":true}]},"12":{"line":92,"type":"if","locations":[{"start":{"line":92,"column":16},"end":{"line":92,"column":16},"skip":true},{"start":{"line":92,"column":16},"end":{"line":92,"column":16},"skip":true}]},"13":{"line":108,"type":"if","locations":[{"start":{"line":108,"column":12},"end":{"line":108,"column":12},"skip":true},{"start":{"line":108,"column":12},"end":{"line":108,"column":12},"skip":true}]},"14":{"line":108,"type":"binary-expr","locations":[{"start":{"line":108,"column":16},"end":{"line":108,"column":61},"skip":true},{"start":{"line":108,"column":66},"end":{"line":108,"column":72},"skip":true},{"start":{"line":108,"column":77},"end":{"line":108,"column":82},"skip":true},{"start":{"line":109,"column":20},"end":{"line":109,"column":39},"skip":true},{"start":{"line":110,"column":20},"end":{"line":110,"column":49},"skip":true},{"start":{"line":111,"column":20},"end":{"line":111,"column":58},"skip":true},{"start":{"line":112,"column":20},"end":{"line":112,"column":68},"skip":true}]},"15":{"line":129,"type":"if","locations":[{"start":{"line":129,"column":16},"end":{"line":129,"column":16},"skip":true},{"start":{"line":129,"column":16},"end":{"line":129,"column":16},"skip":true}]},"16":{"line":134,"type":"cond-expr","locations":[{"start":{"line":135,"column":26},"end":{"line":135,"column":29},"skip":true},{"start":{"line":136,"column":26},"end":{"line":136,"column":54},"skip":true}]},"17":{"line":164,"type":"binary-expr","locations":[{"start":{"line":164,"column":27},"end":{"line":164,"column":43},"skip":true},{"start":{"line":164,"column":47},"end":{"line":164,"column":49},"skip":true}]},"18":{"line":258,"type":"if","locations":[{"start":{"line":258,"column":8},"end":{"line":258,"column":8},"skip":true},{"start":{"line":258,"column":8},"end":{"line":258,"column":8},"skip":true}]},"19":{"line":275,"type":"switch","locations":[{"start":{"line":276,"column":20},"end":{"line":277,"column":64},"skip":true},{"start":{"line":278,"column":20},"end":{"line":279,"column":40},"skip":true},{"start":{"line":280,"column":20},"end":{"line":281,"column":40},"skip":true},{"start":{"line":282,"column":20},"end":{"line":283,"column":39},"skip":true}]},"20":{"line":288,"type":"if","locations":[{"start":{"line":288,"column":8},"end":{"line":288,"column":8},"skip":true},{"start":{"line":288,"column":8},"end":{"line":288,"column":8},"skip":true}]},"21":{"line":288,"type":"binary-expr","locations":[{"start":{"line":288,"column":12},"end":{"line":288,"column":40},"skip":true},{"start":{"line":288,"column":44},"end":{"line":288,"column":67},"skip":true}]},"22":{"line":292,"type":"binary-expr","locations":[{"start":{"line":292,"column":12},"end":{"line":292,"column":50},"skip":true},{"start":{"line":293,"column":12},"end":{"line":293,"column":53},"skip":true}]},"23":{"line":297,"type":"binary-expr","locations":[{"start":{"line":297,"column":12},"end":{"line":297,"column":68},"skip":true},{"start":{"line":298,"column":12},"end":{"line":301,"column":36},"skip":true}]},"24":{"line":303,"type":"binary-expr","locations":[{"start":{"line":303,"column":43},"end":{"line":303,"column":75},"skip":true},{"start":{"line":303,"column":79},"end":{"line":303,"column":81},"skip":true}]},"25":{"line":306,"type":"if","locations":[{"start":{"line":306,"column":8},"end":{"line":306,"column":8},"skip":true},{"start":{"line":306,"column":8},"end":{"line":306,"column":8},"skip":true}]},"26":{"line":310,"type":"if","locations":[{"start":{"line":310,"column":8},"end":{"line":310,"column":8},"skip":true},{"start":{"line":310,"column":8},"end":{"line":310,"column":8},"skip":true}]},"27":{"line":313,"type":"binary-expr","locations":[{"start":{"line":313,"column":27},"end":{"line":313,"column":43},"skip":true},{"start":{"line":313,"column":47},"end":{"line":313,"column":53},"skip":true}]},"28":{"line":317,"type":"if","locations":[{"start":{"line":317,"column":12},"end":{"line":317,"column":12},"skip":true},{"start":{"line":317,"column":12},"end":{"line":317,"column":12},"skip":true}]}},"code":["/*","example.js","","quickstart example","","instruction","    1. save this script as example.js","    2. run the shell command:","        $ npm install npmtest-neocrawler && PORT=8081 node example.js","    3. play with the browser-demo on http://127.0.0.1:8081","*/","","","","/* istanbul instrument in package npmtest_neocrawler */","/*jslint","    bitwise: true,","    browser: true,","    maxerr: 8,","    maxlen: 96,","    node: true,","    nomen: true,","    regexp: true,","    stupid: true","*/","(function () {","    'use strict';","    var local;","","","","    // run shared js-env code - pre-init","    (function () {","        // init local","        local = {};","        // init modeJs","        local.modeJs = (function () {","            try {","                return typeof navigator.userAgent === 'string' &&","                    typeof document.querySelector('body') === 'object' &&","                    typeof XMLHttpRequest.prototype.open === 'function' &&","                    'browser';","            } catch (errorCaughtBrowser) {","                return module.exports &&","                    typeof process.versions.node === 'string' &&","                    typeof require('http').createServer === 'function' &&","                    'node';","            }","        }());","        // init global","        local.global = local.modeJs === 'browser'","            ? window","            : global;","        // init utility2_rollup","        local = local.global.utility2_rollup || (local.modeJs === 'browser'","            ? local.global.utility2_npmtest_neocrawler","            : global.utility2_moduleExports);","        // export local","        local.global.local = local;","    }());","    switch (local.modeJs) {","","","","    // post-init","    // run browser js-env code - post-init","    /* istanbul ignore next */","    case 'browser':","        local.testRunBrowser = function (event) {","            if (!event || (event &&","                    event.currentTarget &&","                    event.currentTarget.className &&","                    event.currentTarget.className.includes &&","                    event.currentTarget.className.includes('onreset'))) {","                // reset output","                Array.from(","                    document.querySelectorAll('body > .resettable')","                ).forEach(function (element) {","                    switch (element.tagName) {","                    case 'INPUT':","                    case 'TEXTAREA':","                        element.value = '';","                        break;","                    default:","                        element.textContent = '';","                    }","                });","            }","            switch (event && event.currentTarget && event.currentTarget.id) {","            case 'testRunButton1':","                // show tests","                if (document.querySelector('#testReportDiv1').style.display === 'none') {","                    document.querySelector('#testReportDiv1').style.display = 'block';","                    document.querySelector('#testRunButton1').textContent =","                        'hide internal test';","                    local.modeTest = true;","                    local.testRunDefault(local);","                // hide tests","                } else {","                    document.querySelector('#testReportDiv1').style.display = 'none';","                    document.querySelector('#testRunButton1').textContent = 'run internal test';","                }","                break;","            // custom-case","            default:","                break;","            }","            if (document.querySelector('#inputTextareaEval1') && (!event || (event &&","                    event.currentTarget &&","                    event.currentTarget.className &&","                    event.currentTarget.className.includes &&","                    event.currentTarget.className.includes('oneval')))) {","                // try to eval input-code","                try {","                    /*jslint evil: true*/","                    eval(document.querySelector('#inputTextareaEval1').value);","                } catch (errorCaught) {","                    console.error(errorCaught);","                }","            }","        };","        // log stderr and stdout to #outputTextareaStdout1","        ['error', 'log'].forEach(function (key) {","            console[key + '_original'] = console[key];","            console[key] = function () {","                var element;","                console[key + '_original'].apply(console, arguments);","                element = document.querySelector('#outputTextareaStdout1');","                if (!element) {","                    return;","                }","                // append text to #outputTextareaStdout1","                element.value += Array.from(arguments).map(function (arg) {","                    return typeof arg === 'string'","                        ? arg","                        : JSON.stringify(arg, null, 4);","                }).join(' ') + '\\n';","                // scroll textarea to bottom","                element.scrollTop = element.scrollHeight;","            };","        });","        // init event-handling","        ['change', 'click', 'keyup'].forEach(function (event) {","            Array.from(document.querySelectorAll('.on' + event)).forEach(function (element) {","                element.addEventListener(event, local.testRunBrowser);","            });","        });","        // run tests","        local.testRunBrowser();","        break;","","","","    // run node js-env code - post-init","    /* istanbul ignore next */","    case 'node':","        // export local","        module.exports = local;","        // require modules","        local.fs = require('fs');","        local.http = require('http');","        local.url = require('url');","        // init assets","        local.assetsDict = local.assetsDict || {};","        /* jslint-ignore-begin */","        local.assetsDict['/assets.index.template.html'] = '\\","<!doctype html>\\n\\","<html lang=\"en\">\\n\\","<head>\\n\\","<meta charset=\"UTF-8\">\\n\\","<meta name=\"viewport\" content=\"width=device-width, initial-scale=1\">\\n\\","<title>{{env.npm_package_name}} (v{{env.npm_package_version}})</title>\\n\\","<style>\\n\\","/*csslint\\n\\","    box-sizing: false,\\n\\","    universal-selector: false\\n\\","*/\\n\\","* {\\n\\","    box-sizing: border-box;\\n\\","}\\n\\","body {\\n\\","    background: #dde;\\n\\","    font-family: Arial, Helvetica, sans-serif;\\n\\","    margin: 2rem;\\n\\","}\\n\\","body > * {\\n\\","    margin-bottom: 1rem;\\n\\","}\\n\\",".utility2FooterDiv {\\n\\","    margin-top: 20px;\\n\\","    text-align: center;\\n\\","}\\n\\","</style>\\n\\","<style>\\n\\","/*csslint\\n\\","*/\\n\\","textarea {\\n\\","    font-family: monospace;\\n\\","    height: 10rem;\\n\\","    width: 100%;\\n\\","}\\n\\","textarea[readonly] {\\n\\","    background: #ddd;\\n\\","}\\n\\","</style>\\n\\","</head>\\n\\","<body>\\n\\","<!-- utility2-comment\\n\\","<div id=\"ajaxProgressDiv1\" style=\"background: #d00; height: 2px; left: 0; margin: 0; padding: 0; position: fixed; top: 0; transition: background 0.5s, width 1.5s; width: 25%;\"></div>\\n\\","utility2-comment -->\\n\\","<h1>\\n\\","<!-- utility2-comment\\n\\","    <a\\n\\","        {{#if env.npm_package_homepage}}\\n\\","        href=\"{{env.npm_package_homepage}}\"\\n\\","        {{/if env.npm_package_homepage}}\\n\\","        target=\"_blank\"\\n\\","    >\\n\\","utility2-comment -->\\n\\","        {{env.npm_package_name}} (v{{env.npm_package_version}})\\n\\","<!-- utility2-comment\\n\\","    </a>\\n\\","utility2-comment -->\\n\\","</h1>\\n\\","<h3>{{env.npm_package_description}}</h3>\\n\\","<!-- utility2-comment\\n\\","<h4><a download href=\"assets.app.js\">download standalone app</a></h4>\\n\\","<button class=\"onclick onreset\" id=\"testRunButton1\">run internal test</button><br>\\n\\","<div id=\"testReportDiv1\" style=\"display: none;\"></div>\\n\\","utility2-comment -->\\n\\","\\n\\","\\n\\","\\n\\","<label>stderr and stdout</label>\\n\\","<textarea class=\"resettable\" id=\"outputTextareaStdout1\" readonly></textarea>\\n\\","<!-- utility2-comment\\n\\","{{#if isRollup}}\\n\\","<script src=\"assets.app.js\"></script>\\n\\","{{#unless isRollup}}\\n\\","utility2-comment -->\\n\\","<script src=\"assets.utility2.rollup.js\"></script>\\n\\","<script src=\"jsonp.utility2._stateInit?callback=window.utility2._stateInit\"></script>\\n\\","<script src=\"assets.npmtest_neocrawler.rollup.js\"></script>\\n\\","<script src=\"assets.example.js\"></script>\\n\\","<script src=\"assets.test.js\"></script>\\n\\","<!-- utility2-comment\\n\\","{{/if isRollup}}\\n\\","utility2-comment -->\\n\\","<div class=\"utility2FooterDiv\">\\n\\","    [ this app was created with\\n\\","    <a href=\"https://github.com/kaizhu256/node-utility2\" target=\"_blank\">utility2</a>\\n\\","    ]\\n\\","</div>\\n\\","</body>\\n\\","</html>\\n\\","';","        /* jslint-ignore-end */","        if (local.templateRender) {","            local.assetsDict['/'] = local.templateRender(","                local.assetsDict['/assets.index.template.html'],","                {","                    env: local.objectSetDefault(local.env, {","                        npm_package_description: 'the greatest app in the world!',","                        npm_package_name: 'my-app',","                        npm_package_nameAlias: 'my_app',","                        npm_package_version: '0.0.1'","                    })","                }","            );","        } else {","            local.assetsDict['/'] = local.assetsDict['/assets.index.template.html']","                .replace((/\\{\\{env\\.(\\w+?)\\}\\}/g), function (match0, match1) {","                    // jslint-hack","                    String(match0);","                    switch (match1) {","                    case 'npm_package_description':","                        return 'the greatest app in the world!';","                    case 'npm_package_name':","                        return 'my-app';","                    case 'npm_package_nameAlias':","                        return 'my_app';","                    case 'npm_package_version':","                        return '0.0.1';","                    }","                });","        }","        // run the cli","        if (local.global.utility2_rollup || module !== require.main) {","            break;","        }","        local.assetsDict['/assets.example.js'] =","            local.assetsDict['/assets.example.js'] ||","            local.fs.readFileSync(__filename, 'utf8');","        // bug-workaround - long $npm_package_buildCustomOrg","        /* jslint-ignore-begin */","        local.assetsDict['/assets.npmtest_neocrawler.rollup.js'] =","            local.assetsDict['/assets.npmtest_neocrawler.rollup.js'] ||","            local.fs.readFileSync(","                local.npmtest_neocrawler.__dirname + '/lib.npmtest_neocrawler.js',","                'utf8'","            ).replace((/^#!/), '//');","        /* jslint-ignore-end */","        local.assetsDict['/favicon.ico'] = local.assetsDict['/favicon.ico'] || '';","        // if $npm_config_timeout_exit exists,","        // then exit this process after $npm_config_timeout_exit ms","        if (Number(process.env.npm_config_timeout_exit)) {","            setTimeout(process.exit, Number(process.env.npm_config_timeout_exit));","        }","        // start server","        if (local.global.utility2_serverHttp1) {","            break;","        }","        process.env.PORT = process.env.PORT || '8081';","        console.error('server starting on port ' + process.env.PORT);","        local.http.createServer(function (request, response) {","            request.urlParsed = local.url.parse(request.url);","            if (local.assetsDict[request.urlParsed.pathname] !== undefined) {","                response.end(local.assetsDict[request.urlParsed.pathname]);","                return;","            }","            response.statusCode = 404;","            response.end();","        }).listen(process.env.PORT);","        break;","    }","}());",""],"l":{"26":2,"28":2,"33":2,"35":2,"37":2,"38":2,"39":2,"44":1,"51":2,"55":2,"59":2,"61":2,"69":1,"70":2,"76":2,"79":2,"82":2,"83":2,"85":1,"89":2,"92":1,"93":1,"94":1,"96":1,"97":1,"100":1,"101":1,"103":1,"106":1,"108":2,"114":1,"116":1,"118":1,"123":1,"124":2,"125":2,"126":3,"127":3,"128":3,"129":3,"130":1,"133":3,"134":3,"139":3,"143":1,"144":3,"145":1,"149":1,"150":1,"158":1,"160":1,"161":1,"162":1,"164":1,"166":1,"258":1,"259":1,"271":1,"274":6,"275":6,"277":1,"279":2,"281":1,"283":2,"288":1,"289":1,"291":1,"296":1,"303":1,"306":1,"307":1,"310":1,"311":1,"313":1,"314":1,"315":1,"316":1,"317":1,"318":1,"319":1,"321":1,"322":1,"324":1}},"/home/travis/build/npmtest/node-npmtest-neocrawler/node_modules/neocrawler/run.js":{"path":"/home/travis/build/npmtest/node-npmtest-neocrawler/node_modules/neocrawler/run.js","s":{"1":4,"2":4,"3":4,"4":4,"5":2,"6":2,"7":4,"8":0,"9":0,"10":0,"11":0,"12":0,"13":0,"14":0,"15":0,"16":0,"17":0,"18":0,"19":0,"20":0,"21":0,"22":0,"23":0,"24":0,"25":0,"26":0,"27":0,"28":0,"29":0,"30":0,"31":0,"32":0,"33":0,"34":0,"35":0,"36":0,"37":0,"38":0,"39":0,"40":0,"41":0,"42":0,"43":0,"44":0,"45":0,"46":0,"47":0,"48":0,"49":0,"50":0,"51":0,"52":0,"53":0,"54":0},"b":{"1":[2,2],"2":[0,0],"3":[0,0],"4":[0,0,0,0,0,0]},"f":{"1":0,"2":0,"3":0,"4":0,"5":0},"fnMap":{"1":{"name":"(anonymous_1)","line":44,"loc":{"start":{"line":44,"column":15},"end":{"line":44,"column":25}}},"2":{"name":"(anonymous_2)","line":53,"loc":{"start":{"line":53,"column":19},"end":{"line":53,"column":29}}},"3":{"name":"(anonymous_3)","line":62,"loc":{"start":{"line":62,"column":20},"end":{"line":62,"column":30}}},"4":{"name":"(anonymous_4)","line":71,"loc":{"start":{"line":71,"column":15},"end":{"line":71,"column":25}}},"5":{"name":"(anonymous_5)","line":80,"loc":{"start":{"line":80,"column":14},"end":{"line":80,"column":24}}}},"statementMap":{"1":{"start":{"line":5,"column":0},"end":{"line":5,"column":42}},"2":{"start":{"line":7,"column":0},"end":{"line":34,"column":7}},"3":{"start":{"line":36,"column":0},"end":{"line":36,"column":28}},"4":{"start":{"line":37,"column":0},"end":{"line":37,"column":53}},"5":{"start":{"line":37,"column":17},"end":{"line":37,"column":37}},"6":{"start":{"line":37,"column":37},"end":{"line":37,"column":52}},"7":{"start":{"line":38,"column":0},"end":{"line":38,"column":71}},"8":{"start":{"line":39,"column":0},"end":{"line":39,"column":36}},"9":{"start":{"line":41,"column":0},"end":{"line":41,"column":24}},"10":{"start":{"line":42,"column":0},"end":{"line":42,"column":59}},"11":{"start":{"line":42,"column":25},"end":{"line":42,"column":59}},"12":{"start":{"line":44,"column":0},"end":{"line":51,"column":1}},"13":{"start":{"line":45,"column":1},"end":{"line":45,"column":67}},"14":{"start":{"line":46,"column":4},"end":{"line":46,"column":32}},"15":{"start":{"line":47,"column":4},"end":{"line":47,"column":40}},"16":{"start":{"line":48,"column":4},"end":{"line":48,"column":53}},"17":{"start":{"line":50,"column":4},"end":{"line":50,"column":19}},"18":{"start":{"line":53,"column":0},"end":{"line":60,"column":1}},"19":{"start":{"line":54,"column":1},"end":{"line":54,"column":72}},"20":{"start":{"line":55,"column":1},"end":{"line":55,"column":29}},"21":{"start":{"line":56,"column":1},"end":{"line":56,"column":43}},"22":{"start":{"line":57,"column":1},"end":{"line":57,"column":60}},"23":{"start":{"line":59,"column":1},"end":{"line":59,"column":21}},"24":{"start":{"line":62,"column":0},"end":{"line":69,"column":1}},"25":{"start":{"line":63,"column":1},"end":{"line":63,"column":73}},"26":{"start":{"line":64,"column":1},"end":{"line":64,"column":29}},"27":{"start":{"line":65,"column":1},"end":{"line":65,"column":43}},"28":{"start":{"line":66,"column":1},"end":{"line":66,"column":55}},"29":{"start":{"line":68,"column":1},"end":{"line":68,"column":19}},"30":{"start":{"line":71,"column":0},"end":{"line":77,"column":1}},"31":{"start":{"line":72,"column":4},"end":{"line":72,"column":70}},"32":{"start":{"line":73,"column":4},"end":{"line":73,"column":32}},"33":{"start":{"line":74,"column":4},"end":{"line":74,"column":59}},"34":{"start":{"line":76,"column":4},"end":{"line":76,"column":22}},"35":{"start":{"line":80,"column":0},"end":{"line":90,"column":1}},"36":{"start":{"line":81,"column":4},"end":{"line":89,"column":5}},"37":{"start":{"line":82,"column":8},"end":{"line":82,"column":80}},"38":{"start":{"line":83,"column":8},"end":{"line":83,"column":36}},"39":{"start":{"line":84,"column":8},"end":{"line":84,"column":32}},"40":{"start":{"line":85,"column":8},"end":{"line":85,"column":38}},"41":{"start":{"line":86,"column":8},"end":{"line":86,"column":57}},"42":{"start":{"line":88,"column":8},"end":{"line":88,"column":34}},"43":{"start":{"line":93,"column":0},"end":{"line":111,"column":1}},"44":{"start":{"line":95,"column":1},"end":{"line":95,"column":12}},"45":{"start":{"line":96,"column":1},"end":{"line":96,"column":7}},"46":{"start":{"line":98,"column":1},"end":{"line":98,"column":16}},"47":{"start":{"line":99,"column":1},"end":{"line":99,"column":7}},"48":{"start":{"line":101,"column":1},"end":{"line":101,"column":17}},"49":{"start":{"line":102,"column":1},"end":{"line":102,"column":7}},"50":{"start":{"line":104,"column":4},"end":{"line":104,"column":15}},"51":{"start":{"line":105,"column":4},"end":{"line":105,"column":10}},"52":{"start":{"line":107,"column":4},"end":{"line":107,"column":14}},"53":{"start":{"line":108,"column":4},"end":{"line":108,"column":10}},"54":{"start":{"line":110,"column":1},"end":{"line":110,"column":21}}},"branchMap":{"1":{"line":37,"type":"if","locations":[{"start":{"line":37,"column":0},"end":{"line":37,"column":0}},{"start":{"line":37,"column":0},"end":{"line":37,"column":0}}]},"2":{"line":42,"type":"if","locations":[{"start":{"line":42,"column":0},"end":{"line":42,"column":0}},{"start":{"line":42,"column":0},"end":{"line":42,"column":0}}]},"3":{"line":81,"type":"if","locations":[{"start":{"line":81,"column":4},"end":{"line":81,"column":4}},{"start":{"line":81,"column":4},"end":{"line":81,"column":4}}]},"4":{"line":93,"type":"switch","locations":[{"start":{"line":94,"column":0},"end":{"line":96,"column":7}},{"start":{"line":97,"column":0},"end":{"line":99,"column":7}},{"start":{"line":100,"column":0},"end":{"line":102,"column":7}},{"start":{"line":103,"column":0},"end":{"line":105,"column":10}},{"start":{"line":106,"column":0},"end":{"line":108,"column":10}},{"start":{"line":109,"column":0},"end":{"line":110,"column":21}}]}},"code":["/**"," * ux crawler entrance "," */","////log setting////////////////////////////////////////////////////////////////////","var logging = require('./lib/logging.js'); ","////arguments parse///////////////////////////////////////////////////////////////","var userArgv = require('optimist')",".usage('Usage: $0 -i [instance name] -a [crawl|test|config|proxy|schedule]  -p [num] -l[url] -h')",".options('i', {","        'alias' : 'instance',","        'default' : 'pengtouba',","        'describe' : 'Specify a instance',","        'demand' : true","    })",".options('a', {","        'alias' : 'action',","        'default' : 'crawl',","        'describe' : 'Specify a action[crawl|test|config|proxy|schedule]',","        'demand' : true","    })",".options('p', {","        'alias' : 'port',","        'default' : 2013,","        'describe' : 'Specify a service port, for config service and proxy router'","    })",".options('l', {","    'alias' : 'link',","    'default' : '',","    'describe' : 'Specify a url to test crawling'","})",".options('h', {","        'alias' : 'help',","        'describe' : 'Help infomation'","    });","","var options = userArgv.argv;","if(options['h']){userArgv.showHelp();process.exit();}","var settings = require('./instance/'+options['i']+'/'+'settings.json');","settings['instance'] = options['i'];","////log level/////////////////////////////////////////////////////////////////","var log_level = 'DEBUG';","if(settings['log_level'])log_level = settings['log_level'];","////crawling action///////////////////////////////////////////////////////////","var crawling = function(){","\tvar logger = logging.getLogger('crawling',options['i'],log_level);","    settings['logger'] = logger;","    settings['instance'] = options['i'];","    var spider = new (require('./spider'))(settings);","","    spider.start();","}","////proxy Service////////////////////////////////////////////////////////////","var proxyService = function(){","\tvar logger = logging.getLogger('proxy-service',options['i'],log_level);","\tsettings['logger'] = logger;","\tsettings['port'] = parseInt(options['p']);","\tvar proxyRouter = new (require('./proxyrouter'))(settings);","\t","\tproxyRouter.start();","}","////config service////////////////////////////////////////////////////////////","var configService = function(){","\tvar logger = logging.getLogger('config-service',options['i'],log_level);","\tsettings['logger'] = logger;","\tsettings['port'] = parseInt(options['p']);","\tvar webConfig = new(require('./webconfig'))(settings);","\t","\twebConfig.start();\t","}","////scheduler///////////////////////////////////////////////////////////////","var schedule = function(){","    var logger = logging.getLogger('schedule',options['i'],log_level);","    settings['logger'] = logger;","    var scheduler = new (require('./scheduler'))(settings);","","    scheduler.start();","}","","////test url/////////////////////////////////////////////////////////////////","var testUrl = function(){","    if(options['l']!=''){","        var logger = logging.getLogger('crawling-testing',options['i'],'DEBUG');","        settings['logger'] = logger;","        settings['test'] = true;","        settings['use_proxy'] = false;","        var spider = new (require('./spider'))(settings);","","        spider.test(options['l']);","    }","}","","////route/////////////////////////////////////////////////////////////////////","switch(options['a']){","case 'crawl':","\tcrawling();","\tbreak;","case 'proxy':","\tproxyService();","\tbreak;","case 'config':","\tconfigService();","\tbreak;","case 'schedule':","    schedule();","    break;","case 'test':","    testUrl();","    break;","default:","\tuserArgv.showHelp();","}"],"l":{"5":4,"7":4,"36":4,"37":4,"38":4,"39":0,"41":0,"42":0,"44":0,"45":0,"46":0,"47":0,"48":0,"50":0,"53":0,"54":0,"55":0,"56":0,"57":0,"59":0,"62":0,"63":0,"64":0,"65":0,"66":0,"68":0,"71":0,"72":0,"73":0,"74":0,"76":0,"80":0,"81":0,"82":0,"83":0,"84":0,"85":0,"86":0,"88":0,"93":0,"95":0,"96":0,"98":0,"99":0,"101":0,"102":0,"104":0,"105":0,"107":0,"108":0,"110":0}},"/home/travis/build/npmtest/node-npmtest-neocrawler/node_modules/neocrawler/lib/logging.js":{"path":"/home/travis/build/npmtest/node-npmtest-neocrawler/node_modules/neocrawler/lib/logging.js","s":{"1":1,"2":0,"3":0,"4":0,"5":0,"6":0},"b":{},"f":{"1":0},"fnMap":{"1":{"name":"(anonymous_1)","line":11,"loc":{"start":{"line":11,"column":20},"end":{"line":11,"column":49}}}},"statementMap":{"1":{"start":{"line":11,"column":0},"end":{"line":31,"column":1}},"2":{"start":{"line":12,"column":1},"end":{"line":12,"column":32}},"3":{"start":{"line":13,"column":1},"end":{"line":27,"column":16}},"4":{"start":{"line":28,"column":1},"end":{"line":28,"column":37}},"5":{"start":{"line":29,"column":1},"end":{"line":29,"column":24}},"6":{"start":{"line":30,"column":1},"end":{"line":30,"column":15}}},"branchMap":{},"code":["/**"," * logging, log4js based"," */","/**"," * logger constructor"," * @param name"," * @param instance"," * @param level"," * @returns {Logger}"," */","exports.getLogger = function(name,instance,level){","\tvar log4js = require('log4js'); ","\tlog4js.configure({","\t\t\t\t\t  \"appenders\": [","\t\t\t\t\t                {","\t\t\t\t\t                  \"type\": \"dateFile\",","\t\t\t\t\t                  \"filename\": \"logs/\"+name+\"-\"+process.pid+\".log\",","\t\t\t\t\t                  \"pattern\": \"-yyyy-MM-dd\",","\t\t\t\t\t                  \"alwaysIncludePattern\": false","\t\t\t\t\t                },","\t\t\t\t\t                {","\t\t\t\t\t                  \"type\": \"console\"","\t\t\t\t\t                }","\t\t\t\t\t              ]","\t\t            }, ","\t\t            {cwd: 'instance/'+instance }","\t\t            );","\tvar logger = log4js.getLogger(name);","\tlogger.setLevel(level);","\treturn logger;","}"],"l":{"11":1,"12":0,"13":0,"28":0,"29":0,"30":0}},"/home/travis/build/npmtest/node-npmtest-neocrawler/node_modules/neocrawler/crawler.js":{"path":"/home/travis/build/npmtest/node-npmtest-neocrawler/node_modules/neocrawler/crawler.js","s":{"1":1,"2":1,"3":216,"4":216,"5":216,"6":0,"7":216,"8":215,"9":216,"10":215,"11":215,"12":215,"13":215,"14":215,"15":215,"16":1},"b":{"1":[215,0],"2":[215,215]},"f":{"1":216,"2":0,"3":215,"4":215,"5":215},"fnMap":{"1":{"name":"(anonymous_1)","line":7,"loc":{"start":{"line":7,"column":14},"end":{"line":7,"column":32}}},"2":{"name":"(anonymous_2)","line":11,"loc":{"start":{"line":11,"column":29},"end":{"line":11,"column":45}}},"3":{"name":"(anonymous_3)","line":15,"loc":{"start":{"line":15,"column":29},"end":{"line":15,"column":45}}},"4":{"name":"(anonymous_4)","line":19,"loc":{"start":{"line":19,"column":22},"end":{"line":19,"column":46}}},"5":{"name":"(anonymous_5)","line":23,"loc":{"start":{"line":23,"column":29},"end":{"line":23,"column":39}}}},"statementMap":{"1":{"start":{"line":5,"column":0},"end":{"line":5,"column":19}},"2":{"start":{"line":7,"column":0},"end":{"line":27,"column":1}},"3":{"start":{"line":8,"column":4},"end":{"line":8,"column":47}},"4":{"start":{"line":9,"column":4},"end":{"line":9,"column":63}},"5":{"start":{"line":11,"column":4},"end":{"line":13,"column":7}},"6":{"start":{"line":12,"column":8},"end":{"line":12,"column":43}},"7":{"start":{"line":15,"column":4},"end":{"line":17,"column":7}},"8":{"start":{"line":16,"column":8},"end":{"line":16,"column":43}},"9":{"start":{"line":19,"column":4},"end":{"line":26,"column":7}},"10":{"start":{"line":20,"column":8},"end":{"line":20,"column":63}},"11":{"start":{"line":21,"column":8},"end":{"line":25,"column":9}},"12":{"start":{"line":22,"column":12},"end":{"line":22,"column":57}},"13":{"start":{"line":23,"column":12},"end":{"line":23,"column":60}},"14":{"start":{"line":23,"column":40},"end":{"line":23,"column":57}},"15":{"start":{"line":24,"column":12},"end":{"line":24,"column":25}},"16":{"start":{"line":29,"column":0},"end":{"line":29,"column":11}}},"branchMap":{"1":{"line":21,"type":"if","locations":[{"start":{"line":21,"column":8},"end":{"line":21,"column":8}},{"start":{"line":21,"column":8},"end":{"line":21,"column":8}}]},"2":{"line":21,"type":"binary-expr","locations":[{"start":{"line":21,"column":11},"end":{"line":21,"column":19}},{"start":{"line":21,"column":21},"end":{"line":21,"column":33}}]}},"code":["/**"," * Created by cherokee on 14-3-25."," */","","var retryTimes = 0;","","var spawnIt = function(tryTimes){","    var spawn = require('child_process').spawn;","    var runner = spawn('node',['run.js'].concat(process.argv));","","    runner.stdout.on('data', function (data) {","        console.log(data.toString('utf8'));","    });","","    runner.stderr.on('data', function (data) {","        console.log(data.toString('utf8'));","    });","","    runner.on('exit', function (code, signal) {","        console.log('Child process exit ：' + code+', '+signal);","        if(code!==0&&tryTimes<500){","            console.log('Restart, times: '+(tryTimes++));","            process.nextTick(function(){spawnIt(tryTimes)});","            spawn = null;","        }","    });","}","","spawnIt(0);",""],"l":{"5":1,"7":1,"8":216,"9":216,"11":216,"12":0,"15":216,"16":215,"19":216,"20":215,"21":215,"22":215,"23":215,"24":215,"29":1}},"/home/travis/build/npmtest/node-npmtest-neocrawler/node_modules/neocrawler/lib/httpRequest.js":{"path":"/home/travis/build/npmtest/node-npmtest-neocrawler/node_modules/neocrawler/lib/httpRequest.js","s":{"1":1,"2":1,"3":1,"4":1,"5":1,"6":1,"7":0,"8":1,"9":1,"10":0,"11":1,"12":1,"13":1,"14":0,"15":0,"16":0,"17":0,"18":0,"19":0,"20":0,"21":0,"22":0,"23":0,"24":0,"25":0,"26":0,"27":0,"28":0,"29":0,"30":0,"31":0,"32":0,"33":0,"34":0,"35":0,"36":0,"37":0,"38":0,"39":0,"40":0,"41":0,"42":0,"43":0,"44":0,"45":0,"46":0,"47":0,"48":0,"49":0,"50":0,"51":0,"52":0,"53":0,"54":0,"55":0,"56":0,"57":0,"58":0,"59":0,"60":0,"61":0,"62":0,"63":0,"64":0,"65":0,"66":0,"67":0,"68":0,"69":0,"70":0,"71":0,"72":0,"73":0,"74":0,"75":0,"76":0,"77":0,"78":0,"79":0,"80":0,"81":0,"82":0,"83":0,"84":0,"85":0,"86":0,"87":0,"88":0,"89":0,"90":0,"91":0,"92":0,"93":0,"94":1,"95":0,"96":0,"97":0,"98":0,"99":0,"100":0,"101":0,"102":0,"103":1,"104":1,"105":0,"106":0,"107":0,"108":0,"109":0,"110":0,"111":0,"112":0,"113":0,"114":0,"115":0,"116":0,"117":0,"118":0,"119":0,"120":0,"121":1,"122":0,"123":0,"124":0,"125":0,"126":0,"127":0,"128":0,"129":0,"130":0,"131":0,"132":0,"133":0,"134":1,"135":0},"b":{"1":[0,0],"2":[0,0],"3":[0,0],"4":[0,0],"5":[0,0],"6":[0,0],"7":[0,0],"8":[0,0],"9":[0,0],"10":[0,0],"11":[0,0],"12":[0,0],"13":[0,0],"14":[0,0],"15":[0,0],"16":[0,0],"17":[0,0],"18":[0,0],"19":[0,0],"20":[0,0],"21":[0,0],"22":[0,0],"23":[0,0],"24":[0,0],"25":[0,0],"26":[0,0],"27":[0,0],"28":[0,0],"29":[0,0],"30":[0,0],"31":[0,0],"32":[0,0],"33":[0,0],"34":[0,0],"35":[0,0],"36":[0,0],"37":[0,0],"38":[0,0],"39":[0,0],"40":[0,0],"41":[0,0],"42":[0,0],"43":[0,0],"44":[0,0],"45":[0,0],"46":[0,0],"47":[0,0],"48":[0,0],"49":[0,0],"50":[0,0,0,0],"51":[0,0],"52":[0,0],"53":[0,0],"54":[0,0],"55":[0,0]},"f":{"1":0,"2":0,"3":0,"4":0,"5":0,"6":0,"7":0,"8":0,"9":0,"10":0,"11":0,"12":0},"fnMap":{"1":{"name":"(anonymous_1)","line":18,"loc":{"start":{"line":18,"column":14},"end":{"line":18,"column":77}}},"2":{"name":"(anonymous_2)","line":58,"loc":{"start":{"line":58,"column":36},"end":{"line":58,"column":50}}},"3":{"name":"(anonymous_3)","line":69,"loc":{"start":{"line":69,"column":23},"end":{"line":69,"column":40}}},"4":{"name":"(anonymous_4)","line":73,"loc":{"start":{"line":73,"column":22},"end":{"line":73,"column":34}}},"5":{"name":"(anonymous_5)","line":88,"loc":{"start":{"line":88,"column":47},"end":{"line":88,"column":67}}},"6":{"name":"(anonymous_6)","line":95,"loc":{"start":{"line":95,"column":49},"end":{"line":95,"column":69}}},"7":{"name":"(anonymous_7)","line":108,"loc":{"start":{"line":108,"column":27},"end":{"line":108,"column":37}}},"8":{"name":"(anonymous_8)","line":117,"loc":{"start":{"line":117,"column":20},"end":{"line":117,"column":32}}},"9":{"name":"(anonymous_9)","line":132,"loc":{"start":{"line":132,"column":24},"end":{"line":132,"column":40}}},"10":{"name":"(anonymous_10)","line":157,"loc":{"start":{"line":157,"column":21},"end":{"line":157,"column":63}}},"11":{"name":"(anonymous_11)","line":190,"loc":{"start":{"line":190,"column":23},"end":{"line":190,"column":57}}},"12":{"name":"(anonymous_12)","line":206,"loc":{"start":{"line":206,"column":17},"end":{"line":206,"column":34}}}},"statementMap":{"1":{"start":{"line":5,"column":0},"end":{"line":5,"column":33}},"2":{"start":{"line":6,"column":0},"end":{"line":6,"column":30}},"3":{"start":{"line":7,"column":0},"end":{"line":7,"column":34}},"4":{"start":{"line":8,"column":0},"end":{"line":8,"column":43}},"5":{"start":{"line":9,"column":0},"end":{"line":9,"column":91}},"6":{"start":{"line":9,"column":6},"end":{"line":9,"column":40}},"7":{"start":{"line":9,"column":53},"end":{"line":9,"column":90}},"8":{"start":{"line":10,"column":0},"end":{"line":10,"column":97}},"9":{"start":{"line":10,"column":6},"end":{"line":10,"column":44}},"10":{"start":{"line":10,"column":57},"end":{"line":10,"column":96}},"11":{"start":{"line":11,"column":0},"end":{"line":11,"column":27}},"12":{"start":{"line":12,"column":0},"end":{"line":12,"column":25}},"13":{"start":{"line":18,"column":0},"end":{"line":130,"column":1}},"14":{"start":{"line":19,"column":4},"end":{"line":19,"column":26}},"15":{"start":{"line":20,"column":4},"end":{"line":20,"column":26}},"16":{"start":{"line":21,"column":4},"end":{"line":31,"column":5}},"17":{"start":{"line":22,"column":8},"end":{"line":22,"column":43}},"18":{"start":{"line":23,"column":8},"end":{"line":23,"column":36}},"19":{"start":{"line":24,"column":8},"end":{"line":24,"column":36}},"20":{"start":{"line":25,"column":8},"end":{"line":25,"column":26}},"21":{"start":{"line":27,"column":8},"end":{"line":27,"column":40}},"22":{"start":{"line":28,"column":8},"end":{"line":28,"column":40}},"23":{"start":{"line":29,"column":8},"end":{"line":29,"column":36}},"24":{"start":{"line":30,"column":8},"end":{"line":30,"column":36}},"25":{"start":{"line":32,"column":4},"end":{"line":32,"column":31}},"26":{"start":{"line":33,"column":4},"end":{"line":45,"column":6}},"27":{"start":{"line":47,"column":4},"end":{"line":54,"column":5}},"28":{"start":{"line":48,"column":8},"end":{"line":48,"column":32}},"29":{"start":{"line":49,"column":8},"end":{"line":51,"column":9}},"30":{"start":{"line":50,"column":12},"end":{"line":50,"column":74}},"31":{"start":{"line":52,"column":8},"end":{"line":52,"column":51}},"32":{"start":{"line":53,"column":8},"end":{"line":53,"column":75}},"33":{"start":{"line":53,"column":32},"end":{"line":53,"column":75}},"34":{"start":{"line":56,"column":4},"end":{"line":56,"column":55}},"35":{"start":{"line":56,"column":15},"end":{"line":56,"column":55}},"36":{"start":{"line":58,"column":4},"end":{"line":106,"column":7}},"37":{"start":{"line":59,"column":8},"end":{"line":63,"column":9}},"38":{"start":{"line":60,"column":12},"end":{"line":62,"column":13}},"39":{"start":{"line":61,"column":16},"end":{"line":61,"column":106}},"40":{"start":{"line":65,"column":8},"end":{"line":65,"column":46}},"41":{"start":{"line":69,"column":8},"end":{"line":71,"column":11}},"42":{"start":{"line":70,"column":12},"end":{"line":70,"column":39}},"43":{"start":{"line":73,"column":8},"end":{"line":105,"column":11}},"44":{"start":{"line":75,"column":12},"end":{"line":78,"column":13}},"45":{"start":{"line":76,"column":16},"end":{"line":76,"column":40}},"46":{"start":{"line":77,"column":16},"end":{"line":77,"column":34}},"47":{"start":{"line":79,"column":12},"end":{"line":79,"column":96}},"48":{"start":{"line":79,"column":20},"end":{"line":79,"column":96}},"49":{"start":{"line":80,"column":12},"end":{"line":80,"column":23}},"50":{"start":{"line":82,"column":12},"end":{"line":82,"column":63}},"51":{"start":{"line":84,"column":12},"end":{"line":84,"column":73}},"52":{"start":{"line":86,"column":12},"end":{"line":86,"column":63}},"53":{"start":{"line":87,"column":12},"end":{"line":104,"column":13}},"54":{"start":{"line":88,"column":16},"end":{"line":93,"column":19}},"55":{"start":{"line":89,"column":20},"end":{"line":92,"column":148}},"56":{"start":{"line":90,"column":24},"end":{"line":91,"column":150}},"57":{"start":{"line":90,"column":34},"end":{"line":90,"column":125}},"58":{"start":{"line":90,"column":53},"end":{"line":90,"column":125}},"59":{"start":{"line":91,"column":30},"end":{"line":91,"column":149}},"60":{"start":{"line":91,"column":49},"end":{"line":91,"column":149}},"61":{"start":{"line":92,"column":27},"end":{"line":92,"column":147}},"62":{"start":{"line":92,"column":46},"end":{"line":92,"column":147}},"63":{"start":{"line":94,"column":19},"end":{"line":104,"column":13}},"64":{"start":{"line":95,"column":16},"end":{"line":100,"column":19}},"65":{"start":{"line":96,"column":20},"end":{"line":99,"column":151}},"66":{"start":{"line":97,"column":24},"end":{"line":98,"column":150}},"67":{"start":{"line":97,"column":34},"end":{"line":97,"column":125}},"68":{"start":{"line":97,"column":53},"end":{"line":97,"column":125}},"69":{"start":{"line":98,"column":30},"end":{"line":98,"column":149}},"70":{"start":{"line":98,"column":49},"end":{"line":98,"column":149}},"71":{"start":{"line":99,"column":27},"end":{"line":99,"column":150}},"72":{"start":{"line":99,"column":46},"end":{"line":99,"column":150}},"73":{"start":{"line":102,"column":16},"end":{"line":103,"column":161}},"74":{"start":{"line":102,"column":26},"end":{"line":102,"column":136}},"75":{"start":{"line":102,"column":45},"end":{"line":102,"column":136}},"76":{"start":{"line":103,"column":22},"end":{"line":103,"column":160}},"77":{"start":{"line":103,"column":41},"end":{"line":103,"column":160}},"78":{"start":{"line":108,"column":4},"end":{"line":115,"column":26}},"79":{"start":{"line":109,"column":8},"end":{"line":114,"column":9}},"80":{"start":{"line":111,"column":12},"end":{"line":111,"column":24}},"81":{"start":{"line":112,"column":12},"end":{"line":112,"column":23}},"82":{"start":{"line":113,"column":12},"end":{"line":113,"column":100}},"83":{"start":{"line":113,"column":31},"end":{"line":113,"column":100}},"84":{"start":{"line":117,"column":4},"end":{"line":128,"column":7}},"85":{"start":{"line":119,"column":8},"end":{"line":122,"column":9}},"86":{"start":{"line":120,"column":12},"end":{"line":120,"column":36}},"87":{"start":{"line":121,"column":12},"end":{"line":121,"column":30}},"88":{"start":{"line":123,"column":8},"end":{"line":127,"column":9}},"89":{"start":{"line":124,"column":12},"end":{"line":124,"column":24}},"90":{"start":{"line":125,"column":12},"end":{"line":125,"column":23}},"91":{"start":{"line":126,"column":12},"end":{"line":126,"column":105}},"92":{"start":{"line":126,"column":31},"end":{"line":126,"column":105}},"93":{"start":{"line":129,"column":4},"end":{"line":129,"column":14}},"94":{"start":{"line":132,"column":0},"end":{"line":145,"column":1}},"95":{"start":{"line":133,"column":4},"end":{"line":133,"column":32}},"96":{"start":{"line":135,"column":4},"end":{"line":143,"column":5}},"97":{"start":{"line":136,"column":8},"end":{"line":136,"column":49}},"98":{"start":{"line":137,"column":8},"end":{"line":137,"column":57}},"99":{"start":{"line":138,"column":8},"end":{"line":138,"column":41}},"100":{"start":{"line":139,"column":8},"end":{"line":142,"column":9}},"101":{"start":{"line":141,"column":12},"end":{"line":141,"column":35}},"102":{"start":{"line":144,"column":4},"end":{"line":144,"column":25}},"103":{"start":{"line":147,"column":0},"end":{"line":147,"column":26}},"104":{"start":{"line":157,"column":0},"end":{"line":181,"column":1}},"105":{"start":{"line":158,"column":4},"end":{"line":159,"column":25}},"106":{"start":{"line":158,"column":32},"end":{"line":158,"column":71}},"107":{"start":{"line":159,"column":9},"end":{"line":159,"column":25}},"108":{"start":{"line":160,"column":4},"end":{"line":160,"column":37}},"109":{"start":{"line":161,"column":4},"end":{"line":161,"column":28}},"110":{"start":{"line":162,"column":4},"end":{"line":162,"column":15}},"111":{"start":{"line":163,"column":4},"end":{"line":177,"column":5}},"112":{"start":{"line":164,"column":8},"end":{"line":164,"column":41}},"113":{"start":{"line":167,"column":8},"end":{"line":176,"column":9}},"114":{"start":{"line":170,"column":16},"end":{"line":170,"column":36}},"115":{"start":{"line":171,"column":16},"end":{"line":171,"column":22}},"116":{"start":{"line":174,"column":16},"end":{"line":174,"column":36}},"117":{"start":{"line":175,"column":16},"end":{"line":175,"column":22}},"118":{"start":{"line":179,"column":4},"end":{"line":179,"column":37}},"119":{"start":{"line":179,"column":14},"end":{"line":179,"column":37}},"120":{"start":{"line":180,"column":4},"end":{"line":180,"column":18}},"121":{"start":{"line":190,"column":0},"end":{"line":204,"column":1}},"122":{"start":{"line":191,"column":4},"end":{"line":191,"column":32}},"123":{"start":{"line":192,"column":4},"end":{"line":192,"column":24}},"124":{"start":{"line":192,"column":16},"end":{"line":192,"column":24}},"125":{"start":{"line":193,"column":4},"end":{"line":193,"column":49}},"126":{"start":{"line":194,"column":4},"end":{"line":202,"column":5}},"127":{"start":{"line":195,"column":8},"end":{"line":195,"column":47}},"128":{"start":{"line":196,"column":8},"end":{"line":196,"column":63}},"129":{"start":{"line":196,"column":41},"end":{"line":196,"column":63}},"130":{"start":{"line":198,"column":8},"end":{"line":198,"column":29}},"131":{"start":{"line":199,"column":8},"end":{"line":200,"column":33}},"132":{"start":{"line":200,"column":12},"end":{"line":200,"column":33}},"133":{"start":{"line":201,"column":8},"end":{"line":201,"column":19}},"134":{"start":{"line":206,"column":0},"end":{"line":208,"column":1}},"135":{"start":{"line":207,"column":4},"end":{"line":207,"column":42}}},"branchMap":{"1":{"line":21,"type":"if","locations":[{"start":{"line":21,"column":4},"end":{"line":21,"column":4}},{"start":{"line":21,"column":4},"end":{"line":21,"column":4}}]},"2":{"line":47,"type":"if","locations":[{"start":{"line":47,"column":4},"end":{"line":47,"column":4}},{"start":{"line":47,"column":4},"end":{"line":47,"column":4}}]},"3":{"line":53,"type":"if","locations":[{"start":{"line":53,"column":8},"end":{"line":53,"column":8}},{"start":{"line":53,"column":8},"end":{"line":53,"column":8}}]},"4":{"line":56,"type":"if","locations":[{"start":{"line":56,"column":4},"end":{"line":56,"column":4}},{"start":{"line":56,"column":4},"end":{"line":56,"column":4}}]},"5":{"line":59,"type":"if","locations":[{"start":{"line":59,"column":8},"end":{"line":59,"column":8}},{"start":{"line":59,"column":8},"end":{"line":59,"column":8}}]},"6":{"line":59,"type":"binary-expr","locations":[{"start":{"line":59,"column":11},"end":{"line":59,"column":30}},{"start":{"line":59,"column":32},"end":{"line":59,"column":51}}]},"7":{"line":60,"type":"if","locations":[{"start":{"line":60,"column":12},"end":{"line":60,"column":12}},{"start":{"line":60,"column":12},"end":{"line":60,"column":12}}]},"8":{"line":75,"type":"if","locations":[{"start":{"line":75,"column":12},"end":{"line":75,"column":12}},{"start":{"line":75,"column":12},"end":{"line":75,"column":12}}]},"9":{"line":79,"type":"if","locations":[{"start":{"line":79,"column":12},"end":{"line":79,"column":12}},{"start":{"line":79,"column":12},"end":{"line":79,"column":12}}]},"10":{"line":79,"type":"binary-expr","locations":[{"start":{"line":79,"column":72},"end":{"line":79,"column":77}},{"start":{"line":79,"column":79},"end":{"line":79,"column":94}}]},"11":{"line":87,"type":"if","locations":[{"start":{"line":87,"column":12},"end":{"line":87,"column":12}},{"start":{"line":87,"column":12},"end":{"line":87,"column":12}}]},"12":{"line":87,"type":"binary-expr","locations":[{"start":{"line":87,"column":16},"end":{"line":87,"column":38}},{"start":{"line":87,"column":42},"end":{"line":87,"column":69}}]},"13":{"line":89,"type":"if","locations":[{"start":{"line":89,"column":20},"end":{"line":89,"column":20}},{"start":{"line":89,"column":20},"end":{"line":89,"column":20}}]},"14":{"line":89,"type"
[...]
ression':'title','pick':'text','index':1}","            }","        },","        'cookie': [],","        'inject_jquery': false,","        'load_img': false,","        'drill_rules': [],","        'drill_relation': {","            'base':'content','mode':'css','expression':'title','pick':'text','index':1","        },","        'validation_keywords': [],","        'script': [],","        'navigate_rule': [],","        'stoppage': -1,","        'priority': 1,","        'weight': 10,","        'schedule_interval': 86400,","        'active': true,","        'seed': [],//[]","        'schedule_rule':'FIFO',// FIFO  or LIFO","        'use_proxy':false","};","","var rules = [];","","// index displaying all the drilling rules","exports.index = function(req, res) {","","  //req.session.searchBox = \"\";","","  if(req.session.list == null){","    req.session.searchBox = \"\";","     rule.getDrillingRules(function(err, result){","         rules = result; ","         req.session.list = rules;","         var totalPage = result.length / 15;","         if(totalPage > 0) {            ","              rules = result.slice(0, 15);","         }","         res.render('rule/index', {title : 'Drilling rule', session:req.session, totalPage:totalPage});","     });     ","      ","  }else{","      //req.session.searchBox = domain;","      res.render('rule/index', {title : 'Drilling rule', session:req.session});","  }"," ","};","","// search","exports.search = function(req, res) {","","    var domain = req.body.domain;","    req.session.searchBox = domain;","//    console.log('search:', domain);","    rule.getRulesByCondition(domain,function(err, result){","       rules = result; ","       req.session.list = rules;","       res.render('rule/index', {title : 'Drilling rule', session:req.session});","   });  ","};","","// display new rule form","exports.new = function(req, res) {","    var filePath = require('path').normalize(__dirname + \"/../public/rule/new.html\");","    res.sendfile(filePath);","","    //var filePath = require('path').normalize(__dirname + \"/../public/rule/added.html\");","    //res.render('rule/new', {title : 'New rule'});  ","};","","// add a rule, ****not use****","exports.create = function(req, res) {","  // get key and rule from form","    var jsonstr = req.body.jsondata;","    var jsonobj = JSON.parse(jsonstr);","    var key = 'driller:' + jsonobj['domain'] + ':' + jsonobj['alias'];","","//    console.log(\"key\", key);","    //console.log(\"url:\", urlencode(req.body.url_pattern));","","    rule.create(key, jsonobj, function(err, result){","        if(!err) {","","        }","    });","","    res.redirect('rule');","};","","// show a specific rule","exports.show = function(req, res) {","  var id = req.params.id;","  rule.displayOne(id, function(err, obj){","    /*","      if(obj)   ","          res.send('There is no rule with id of ' + req.params.id);","      else*/","          res.render('rule/show', {title : 'Show Rule', rule : obj});","  });","};","","// delete a widget","exports.destroy = function(req,res) {","   var id = req.params.id;","//   console.log(\"destroy id:\", id);","   rule.destroy(id, function(err, obj){","      if(!err){","//          console.log('Rule', req.params.id, 'deleted.');","          rule.getDrillingRules(function(err, result){","          rules = result; ","          //res.render('rule/index', {title : 'Drilling rule', rules:result});","          res.redirect('rule');","      });","    }","   }); ","};","","// display edit form","exports.edit = function(req, res) {","  var id = req.params.id;","//  console.log(\"id:\", id);","   rule.displayOne(id, function(err, obj){","      if(obj){","//        obj['id'] = id;","          var dataobj = template;","          var numberPattern = new RegExp(\"^\\-?[0-9]+$\");","          for(i in obj){","              if(obj.hasOwnProperty(i)){","                  if(typeof(obj[i])==='string'&&(obj[i].charAt(0)==='{'||obj[i].charAt(0)==='[')){","                      dataobj[i] = JSON.parse(obj[i]);","                  }else if(numberPattern.test(obj[i])){","                      dataobj[i] = parseInt(obj[i]);","                  }else if(obj[i]==='true'){","                      dataobj[i] = true;","                  }else if(obj[i]==='false'){","                      dataobj[i] = false;","                  }else dataobj[i] = obj[i];","              }","          }","        res.render('rule/edit', {title : 'Edit rule', rule:dataobj});","      }else{","        res.render('rule/edit', {title : 'Edit rule', rule:template});        ","      }","   });","};","","// upsert a rule","exports.update = function(req,res) {","    var jsonstr = req.body.jsondata;","    var jsonobj = JSON.parse(jsonstr);","    var key = 'driller:' + jsonobj['domain'] + ':' + jsonobj['alias'];","","    //console.log(\"url:\", urlencode(req.body.url_pattern));","//    console.log(\"edit update:\", req.body.drill_rules);","","    //req.session.searchBox = req.body.domain;","","    var dataobj = {};","    for(i in jsonobj){","        if(jsonobj.hasOwnProperty(i)){","            if(typeof(jsonobj[i])==='object')dataobj[i] = JSON.stringify(jsonobj[i]);","            else{","                dataobj[i] = jsonobj[i];}","        }","    }","","   rule.update(key, dataobj, function(err, result){","      if(!err){","            /*         ","          rule.getDrillingRules(function(err, result){","            rules = result; ","            req.session.list = rules;","            //res.render('rule/index', {title : 'Drilling rule', rules:result});","//            console.log('Rule', id, 'updated.');","            res.redirect('rule');","      });","*/","    rule.getRulesByCondition(req.session.searchBox,function(err, result){","       rules = result; ","       req.session.list = rules;","       res.render('rule/index', {title : 'Drilling rule', session:req.session});","   }); ","","    }","   });  ","};",""],"l":{"1":2,"4":0,"40":0,"43":0,"47":0,"48":0,"49":0,"50":0,"51":0,"52":0,"53":0,"54":0,"56":0,"61":0,"67":0,"69":0,"70":0,"72":0,"73":0,"74":0,"75":0,"80":0,"81":0,"82":0,"89":0,"91":0,"92":0,"93":0,"98":0,"99":0,"104":0,"108":0,"109":0,"110":0,"115":0,"120":0,"121":0,"123":0,"124":0,"126":0,"127":0,"129":0,"136":0,"137":0,"139":0,"140":0,"142":0,"143":0,"144":0,"145":0,"146":0,"147":0,"148":0,"149":0,"150":0,"151":0,"152":0,"153":0,"154":0,"157":0,"159":0,"165":0,"166":0,"167":0,"168":0,"175":0,"176":0,"177":0,"178":0,"180":0,"184":0,"185":0,"195":0,"196":0,"197":0,"198":0}},"/home/travis/build/npmtest/node-npmtest-neocrawler/node_modules/neocrawler/webconfig/models/drillingRule.js":{"path":"/home/travis/build/npmtest/node-npmtest-neocrawler/node_modules/neocrawler/webconfig/models/drillingRule.js","s":{"1":4,"2":4,"3":4,"4":4,"5":4,"6":0,"7":0,"8":0,"9":0,"10":0,"11":0,"12":0,"13":0,"14":0,"15":0,"16":0,"17":0,"18":0,"19":0,"20":0,"21":0,"22":0,"23":0,"24":0,"25":0,"26":0,"27":0,"28":0,"29":0,"30":0,"31":0,"32":0,"33":0,"34":0,"35":0,"36":0,"37":0,"38":0,"39":0,"40":0,"41":0,"42":0,"43":0,"44":0,"45":0,"46":0,"47":0,"48":0,"49":0,"50":0,"51":0,"52":0,"53":0,"54":0,"55":0,"56":0,"57":0,"58":0,"59":0,"60":0,"61":0,"62":0,"63":0,"64":0,"65":0,"66":0},"b":{"1":[0,0],"2":[0,0],"3":[0,0],"4":[0,0],"5":[0,0],"6":[0,0],"7":[0,0],"8":[0,0],"9":[0,0]},"f":{"1":0,"2":0,"3":0,"4":0,"5":0,"6":0,"7":0,"8":0,"9":0,"10":0,"11":0,"12":0,"13":0,"14":0,"15":0,"16":0,"17":0,"18":0,"19":0},"fnMap":{"1":{"name":"(anonymous_1)","line":19,"loc":{"start":{"line":19,"column":4},"end":{"line":19,"column":21}}},"2":{"name":"(anonymous_2)","line":28,"loc":{"start":{"line":28,"column":19},"end":{"line":28,"column":31}}},"3":{"name":"(anonymous_3)","line":33,"loc":{"start":{"line":33,"column":27},"end":{"line":33,"column":46}}},"4":{"name":"(anonymous_4)","line":48,"loc":{"start":{"line":48,"column":6},"end":{"line":48,"column":27}}},"5":{"name":"(anonymous_5)","line":64,"loc":{"start":{"line":64,"column":19},"end":{"line":64,"column":36}}},"6":{"name":"(anonymous_6)","line":65,"loc":{"start":{"line":65,"column":9},"end":{"line":65,"column":28}}},"7":{"name":"(anonymous_7)","line":66,"loc":{"start":{"line":66,"column":26},"end":{"line":66,"column":45}}},"8":{"name":"(anonymous_8)","line":75,"loc":{"start":{"line":75,"column":22},"end":{"line":75,"column":45}}},"9":{"name":"(anonymous_9)","line":81,"loc":{"start":{"line":81,"column":22},"end":{"line":81,"column":41}}},"10":{"name":"(anonymous_10)","line":95,"loc":{"start":{"line":95,"column":6},"end":{"line":95,"column":27}}},"11":{"name":"(anonymous_11)","line":111,"loc":{"start":{"line":111,"column":9},"end":{"line":111,"column":32}}},"12":{"name":"(anonymous_12)","line":112,"loc":{"start":{"line":112,"column":26},"end":{"line":112,"column":47}}},"13":{"name":"(anonymous_13)","line":123,"loc":{"start":{"line":123,"column":13},"end":{"line":123,"column":28}}},"14":{"name":"(anonymous_14)","line":124,"loc":{"start":{"line":124,"column":21},"end":{"line":124,"column":39}}},"15":{"name":"(anonymous_15)","line":134,"loc":{"start":{"line":134,"column":9},"end":{"line":134,"column":32}}},"16":{"name":"(anonymous_16)","line":135,"loc":{"start":{"line":135,"column":26},"end":{"line":135,"column":47}}},"17":{"name":"(anonymous_17)","line":140,"loc":{"start":{"line":140,"column":50},"end":{"line":140,"column":71}}},"18":{"name":"(anonymous_18)","line":149,"loc":{"start":{"line":149,"column":10},"end":{"line":149,"column":26}}},"19":{"name":"(anonymous_19)","line":150,"loc":{"start":{"line":150,"column":20},"end":{"line":150,"column":38}}}},"statementMap":{"1":{"start":{"line":4,"column":0},"end":{"line":4,"column":46}},"2":{"start":{"line":5,"column":0},"end":{"line":5,"column":29}},"3":{"start":{"line":8,"column":0},"end":{"line":8,"column":31}},"4":{"start":{"line":10,"column":0},"end":{"line":10,"column":21}},"5":{"start":{"line":11,"column":0},"end":{"line":11,"column":40}},"6":{"start":{"line":11,"column":24},"end":{"line":11,"column":40}},"7":{"start":{"line":12,"column":0},"end":{"line":12,"column":11}},"8":{"start":{"line":14,"column":0},"end":{"line":21,"column":7}},"9":{"start":{"line":20,"column":8},"end":{"line":20,"column":21}},"10":{"start":{"line":23,"column":0},"end":{"line":23,"column":42}},"11":{"start":{"line":25,"column":0},"end":{"line":160,"column":1}},"12":{"start":{"line":30,"column":2},"end":{"line":30,"column":18}},"13":{"start":{"line":31,"column":2},"end":{"line":31,"column":16}},"14":{"start":{"line":33,"column":2},"end":{"line":59,"column":5}},"15":{"start":{"line":34,"column":3},"end":{"line":57,"column":5}},"16":{"start":{"line":35,"column":5},"end":{"line":35,"column":34}},"17":{"start":{"line":39,"column":5},"end":{"line":39,"column":37}},"18":{"start":{"line":42,"column":5},"end":{"line":42,"column":20}},"19":{"start":{"line":43,"column":5},"end":{"line":45,"column":6}},"20":{"start":{"line":44,"column":6},"end":{"line":44,"column":57}},"21":{"start":{"line":46,"column":5},"end":{"line":55,"column":8}},"22":{"start":{"line":49,"column":7},"end":{"line":52,"column":8}},"23":{"start":{"line":50,"column":8},"end":{"line":50,"column":27}},"24":{"start":{"line":51,"column":8},"end":{"line":51,"column":23}},"25":{"start":{"line":54,"column":6},"end":{"line":54,"column":29}},"26":{"start":{"line":65,"column":2},"end":{"line":71,"column":4}},"27":{"start":{"line":66,"column":3},"end":{"line":70,"column":6}},"28":{"start":{"line":68,"column":4},"end":{"line":68,"column":23}},"29":{"start":{"line":69,"column":4},"end":{"line":69,"column":22}},"30":{"start":{"line":77,"column":2},"end":{"line":77,"column":18}},"31":{"start":{"line":78,"column":2},"end":{"line":78,"column":16}},"32":{"start":{"line":79,"column":2},"end":{"line":79,"column":43}},"33":{"start":{"line":81,"column":2},"end":{"line":106,"column":5}},"34":{"start":{"line":82,"column":3},"end":{"line":104,"column":5}},"35":{"start":{"line":83,"column":5},"end":{"line":83,"column":34}},"36":{"start":{"line":86,"column":5},"end":{"line":86,"column":37}},"37":{"start":{"line":89,"column":5},"end":{"line":89,"column":20}},"38":{"start":{"line":90,"column":5},"end":{"line":92,"column":6}},"39":{"start":{"line":91,"column":6},"end":{"line":91,"column":57}},"40":{"start":{"line":93,"column":5},"end":{"line":102,"column":8}},"41":{"start":{"line":96,"column":7},"end":{"line":99,"column":8}},"42":{"start":{"line":97,"column":8},"end":{"line":97,"column":27}},"43":{"start":{"line":98,"column":8},"end":{"line":98,"column":23}},"44":{"start":{"line":101,"column":6},"end":{"line":101,"column":29}},"45":{"start":{"line":112,"column":2},"end":{"line":119,"column":5}},"46":{"start":{"line":113,"column":3},"end":{"line":116,"column":4}},"47":{"start":{"line":114,"column":4},"end":{"line":114,"column":23}},"48":{"start":{"line":115,"column":4},"end":{"line":115,"column":19}},"49":{"start":{"line":118,"column":3},"end":{"line":118,"column":26}},"50":{"start":{"line":124,"column":2},"end":{"line":130,"column":5}},"51":{"start":{"line":125,"column":3},"end":{"line":128,"column":4}},"52":{"start":{"line":126,"column":4},"end":{"line":126,"column":23}},"53":{"start":{"line":127,"column":4},"end":{"line":127,"column":19}},"54":{"start":{"line":129,"column":3},"end":{"line":129,"column":23}},"55":{"start":{"line":135,"column":2},"end":{"line":145,"column":5}},"56":{"start":{"line":136,"column":3},"end":{"line":139,"column":4}},"57":{"start":{"line":137,"column":4},"end":{"line":137,"column":23}},"58":{"start":{"line":138,"column":4},"end":{"line":138,"column":19}},"59":{"start":{"line":140,"column":3},"end":{"line":142,"column":6}},"60":{"start":{"line":144,"column":3},"end":{"line":144,"column":26}},"61":{"start":{"line":150,"column":2},"end":{"line":157,"column":5}},"62":{"start":{"line":151,"column":3},"end":{"line":154,"column":4}},"63":{"start":{"line":152,"column":4},"end":{"line":152,"column":23}},"64":{"start":{"line":153,"column":4},"end":{"line":153,"column":19}},"65":{"start":{"line":156,"column":3},"end":{"line":156,"column":23}},"66":{"start":{"line":161,"column":0},"end":{"line":161,"column":30}}},"branchMap":{"1":{"line":11,"type":"if","locations":[{"start":{"line":11,"column":0},"end":{"line":11,"column":0}},{"start":{"line":11,"column":0},"end":{"line":11,"column":0}}]},"2":{"line":34,"type":"if","locations":[{"start":{"line":34,"column":3},"end":{"line":34,"column":3}},{"start":{"line":34,"column":3},"end":{"line":34,"column":3}}]},"3":{"line":49,"type":"if","locations":[{"start":{"line":49,"column":7},"end":{"line":49,"column":7}},{"start":{"line":49,"column":7},"end":{"line":49,"column":7}}]},"4":{"line":82,"type":"if","locations":[{"start":{"line":82,"column":3},"end":{"line":82,"column":3}},{"start":{"line":82,"column":3},"end":{"line":82,"column":3}}]},"5":{"line":96,"type":"if","locations":[{"start":{"line":96,"column":7},"end":{"line":96,"column":7}},{"start":{"line":96,"column":7},"end":{"line":96,"column":7}}]},"6":{"line":113,"type":"if","locations":[{"start":{"line":113,"column":3},"end":{"line":113,"column":3}},{"start":{"line":113,"column":3},"end":{"line":113,"column":3}}]},"7":{"line":125,"type":"if","locations":[{"start":{"line":125,"column":3},"end":{"line":125,"column":3}},{"start":{"line":125,"column":3},"end":{"line":125,"column":3}}]},"8":{"line":136,"type":"if","locations":[{"start":{"line":136,"column":3},"end":{"line":136,"column":3}},{"start":{"line":136,"column":3},"end":{"line":136,"column":3}}]},"9":{"line":151,"type":"if","locations":[{"start":{"line":151,"column":3},"end":{"line":151,"column":3}},{"start":{"line":151,"column":3},"end":{"line":151,"column":3}}]}},"code":["","// Drilling rule model","","var myredis = require('../../lib/myredis.js');","var async = require('async');","//var settings = require('../../instance/webconfig/settings.json');","","var settings = global.settings;","","var dbtype = 'redis';","if(settings['use_ssdb'])dbtype = 'ssdb';","var client;","","myredis.createClient(","    settings['driller_info_redis_db'][0],","    settings['driller_info_redis_db'][1],","    settings['driller_info_redis_db'][2],","    dbtype,","    function(err,cli){","        client = cli;","    });","","var UPDATED_TIME = \"updated:driller:rule\";","","var drillingRule = {","\t","\t// get all drilling rules","\tgetDrillingRules: function(fn){","","\t\tvar self = this;","\t\tvar keys = [];","\t\t// retrieve all of keys that match rule*","\t\tclient.hlist('driller*', function(err, keys){","\t\t\tif(err){","\t\t\t\t\tconsole.error('ERROR:', err);","\t\t\t\t}else{","//\t\t\t\t\tconsole.log(\"keys : \", keys);","","\t\t\t\t\tvar callFunctions = new Array();","","","\t\t\t\t\tvar rules = [];","\t\t\t\t\tfor(k in keys){","\t\t\t\t\t\tcallFunctions.push(self.makeCallbackFunc(keys[k]));","\t\t\t\t\t}","\t\t\t\t\tasync.series(","\t\t\t\t\t\tcallFunctions,","\t\t\t\t\t\tfunction(err, result){","\t\t\t\t\t\t\tif(err) {","\t\t\t\t\t\t\t\tconsole.error(err);","\t\t\t\t\t\t\t\treturn fn(err);","\t\t\t\t\t\t\t}","","\t\t\t\t\t\treturn fn(err, result);","\t\t\t\t\t});","","\t\t\t\t}","\t\t\t","\t\t});","","\t},","","\t// get specific rule ","\tmakeCallbackFunc: function(member) {","\t\treturn function(callback) {","\t\t\tclient.hgetall(member, function(err, obj) {","\t\t\t\t//console.log(\"member:\", obj)","\t\t\t\tobj['id'] = member;","\t\t\t\tcallback(err,obj);","\t\t\t});","\t\t};","\t},","","\t// get all drilling rules","\tgetRulesByCondition: function(condition, fn){","","\t\tvar self = this;","\t\tvar keys = [];","\t\tvar regex = 'driller:' + condition + '*';","\t\t// retrieve all of keys that match rule*","\t\tclient.hlist(regex, function(err, keys){","\t\t\tif(err){","\t\t\t\t\tconsole.error('ERROR:', err);","\t\t\t\t}else{","","\t\t\t\t\tvar callFunctions = new Array();","","","\t\t\t\t\tvar rules = [];","\t\t\t\t\tfor(k in keys){","\t\t\t\t\t\tcallFunctions.push(self.makeCallbackFunc(keys[k]));","\t\t\t\t\t}","\t\t\t\t\tasync.series(","\t\t\t\t\t\tcallFunctions,","\t\t\t\t\t\tfunction(err, result){","\t\t\t\t\t\t\tif(err) {","\t\t\t\t\t\t\t\tconsole.error(err);","\t\t\t\t\t\t\t\treturn fn(err);","\t\t\t\t\t\t\t}","\t\t\t\t\t\t//console.log(\"succeed.\", result);","\t\t\t\t\t\treturn fn(err, result);","\t\t\t\t\t});","","\t\t\t\t}","\t\t\t","\t\t});","","\t},","","\t// create rule","\tcreate: function(key, rule, fn){","\t\tclient.hmset(key, rule, function(err, result){","\t\t\tif(err){","\t\t\t\tconsole.error(err);","\t\t\t\treturn fn(err);","\t\t\t}","//\t\t\tconsole.log(\"New rule \", key, \" was created.\");","\t\t\treturn fn(err, result);","\t\t});","\t},","","\t// show specific rule","\tdisplayOne: function(id,fn){","\t\tclient.hgetall(id, function(err, obj){","\t\t\tif(err) {","\t\t\t\tconsole.error(err);","\t\t\t\treturn fn(err);","\t\t\t}","\t\t\treturn fn(err, obj);","\t\t});","\t},","","\t// update rule","\tupdate: function(key, rule, fn){","\t\tclient.hmset(key, rule, function(err, result){","\t\t\tif(err){","\t\t\t\tconsole.error(err);","\t\t\t\treturn fn(err);","\t\t\t}","\t\t\tclient.set(UPDATED_TIME, new Date().getTime(), function(err, result){","","\t\t\t});","//\t\t\tconsole.log(\"rule \", key, \" was updated.\");","\t\t\treturn fn(err, result);","\t\t});","\t},","","\t// destroy a rule","\tdestroy: function(id, fn){","\t\tclient.hclear(id, function(err, obj){","\t\t\tif(err) {","\t\t\t\tconsole.error(err);","\t\t\t\treturn fn(err);","\t\t\t}","//\t\t\tconsole.log(\"one rule:\", id, \" has been detroyed.\");","\t\t\treturn fn(err, obj);","\t\t});","\t}","","}","module.exports = drillingRule;"],"l":{"4":4,"5":4,"8":4,"10":4,"11":4,"12":0,"14":0,"20":0,"23":0,"25":0,"30":0,"31":0,"33":0,"34":0,"35":0,"39":0,"42":0,"43":0,"44":0,"46":0,"49":0,"50":0,"51":0,"54":0,"65":0,"66":0,"68":0,"69":0,"77":0,"78":0,"79":0,"81":0,"82":0,"83":0,"86":0,"89":0,"90":0,"91":0,"93":0,"96":0,"97":0,"98":0,"101":0,"112":0,"113":0,"114":0,"115":0,"118":0,"124":0,"125":0,"126":0,"127":0,"129":0,"135":0,"136":0,"137":0,"138":0,"140":0,"144":0,"150":0,"151":0,"152":0,"153":0,"156":0,"161":0}}}